#
# There is insufficient memory for the Java Runtime Environment to continue.
# Native memory allocation (mmap) failed to map 26214400 bytes. Error detail: G1 virtual space
# Possible reasons:
#   The system is out of physical RAM or swap space
#   This process is running with CompressedOops enabled, and the Java Heap may be blocking the growth of the native heap
# Possible solutions:
#   Reduce memory load on the system
#   Increase physical memory or swap space
#   Check if swap backing store is full
#   Decrease Java heap size (-Xmx/-Xms)
#   Decrease number of Java threads
#   Decrease Java thread stack sizes (-Xss)
#   Set larger code cache with -XX:ReservedCodeCacheSize=
#   JVM is running with Unscaled Compressed Oops mode in which the Java heap is
#     placed in the first 4GB address space. The Java Heap base address is the
#     maximum limit for the native heap growth. Please use -XX:HeapBaseMinAddress
#     to set the Java Heap base and to place the Java Heap above 4GB virtual address.
# This output file may be truncated or incomplete.
#
#  Out of Memory Error (os_windows.cpp:3828), pid=23132, tid=18060
#
# JRE version: OpenJDK Runtime Environment (21.0.4) (build 21.0.4+-12508038-b607.1)
# Java VM: OpenJDK 64-Bit Server VM (21.0.4+-12508038-b607.1, mixed mode, tiered, compressed oops, compressed class ptrs, g1 gc, windows-amd64)
# No core dump will be written. Minidumps are not enabled by default on client versions of Windows
#

---------------  S U M M A R Y ------------

Command Line: --add-opens=java.base/java.util=ALL-UNNAMED --add-opens=java.base/java.lang=ALL-UNNAMED --add-opens=java.base/java.lang.invoke=ALL-UNNAMED --add-opens=java.prefs/java.util.prefs=ALL-UNNAMED --add-exports=jdk.compiler/com.sun.tools.javac.api=ALL-UNNAMED --add-exports=jdk.compiler/com.sun.tools.javac.util=ALL-UNNAMED --add-opens=java.base/java.nio.charset=ALL-UNNAMED --add-opens=java.base/java.net=ALL-UNNAMED --add-opens=java.base/java.util.concurrent.atomic=ALL-UNNAMED -Xmx2048m -Dfile.encoding=UTF-8 -Duser.country=US -Duser.language=en -Duser.variant -javaagent:C:\Users\axel.romfelt\.gradle\wrapper\dists\gradle-8.10.2-bin\a04bxjujx95o3nb99gddekhwo\gradle-8.10.2\lib\agents\gradle-instrumentation-agent-8.10.2.jar org.gradle.launcher.daemon.bootstrap.GradleDaemon 8.10.2

Host: 11th Gen Intel(R) Core(TM) i5-1135G7 @ 2.40GHz, 8 cores, 15G,  Windows 10 , 64 bit Build 19041 (10.0.19041.5438)
Time: Thu Apr 10 11:45:29 2025 W. Europe Daylight Time elapsed time: 4.524065 seconds (0d 0h 0m 4s)

---------------  T H R E A D  ---------------

Current thread (0x000001cc188be670):  VMThread "VM Thread"          [id=18060, stack(0x000000315d200000,0x000000315d300000) (1024K)]

Stack: [0x000000315d200000,0x000000315d300000]
Native frames: (J=compiled Java code, j=interpreted, Vv=VM code, C=native code)
V  [jvm.dll+0x6ce539]
V  [jvm.dll+0x85bf03]
V  [jvm.dll+0x85e45e]
V  [jvm.dll+0x85eb43]
V  [jvm.dll+0x27dd06]
V  [jvm.dll+0x6cada5]
V  [jvm.dll+0x6bf27a]
V  [jvm.dll+0x3541fb]
V  [jvm.dll+0x35be36]
V  [jvm.dll+0x3adbc6]
V  [jvm.dll+0x3ade98]
V  [jvm.dll+0x32691c]
V  [jvm.dll+0x3269a7]
V  [jvm.dll+0x36c78c]
V  [jvm.dll+0x36af3e]
V  [jvm.dll+0x326071]
V  [jvm.dll+0x36a650]
V  [jvm.dll+0x8648c8]
V  [jvm.dll+0x865c44]
V  [jvm.dll+0x866180]
V  [jvm.dll+0x866413]
V  [jvm.dll+0x804418]
V  [jvm.dll+0x6cce0d]
C  [ucrtbase.dll+0x21bb2]
C  [KERNEL32.DLL+0x17374]
C  [ntdll.dll+0x4cc91]

VM_Operation (0x000000315ecf7ca0): G1CollectForAllocation, mode: safepoint, requested by thread 0x000001cc1edff320


---------------  P R O C E S S  ---------------

Threads class SMR info:
_java_thread_list=0x000001cc23268000, length=60, elements={
0x000001cc7efa4900, 0x000001cc18aceea0, 0x000001cc18ad1cd0, 0x000001cc18ab6450,
0x000001cc18abb1c0, 0x000001cc18abbc20, 0x000001cc18abc680, 0x000001cc18ad3d00,
0x000001cc18adc3c0, 0x000001cc188b4310, 0x000001cc1d0094b0, 0x000001cc1d1f6690,
0x000001cc1d15b490, 0x000001cc1e8cd440, 0x000001cc1d2126e0, 0x000001cc1eee4f30,
0x000001cc1ebc9870, 0x000001cc1ee3e0d0, 0x000001cc1edec290, 0x000001cc1edff320,
0x000001cc1edff9b0, 0x000001cc1ee00040, 0x000001cc1ee006d0, 0x000001cc1ee00d60,
0x000001cc1edfdf70, 0x000001cc1edfd8e0, 0x000001cc1edfec90, 0x000001cc237c8c40,
0x000001cc237ca680, 0x000001cc237ccde0, 0x000001cc237cd470, 0x000001cc237c9ff0,
0x000001cc237cc750, 0x000001cc237cad10, 0x000001cc237cdb00, 0x000001cc237ce190,
0x000001cc237cfbd0, 0x000001cc237c9960, 0x000001cc237cb3a0, 0x000001cc237ce820,
0x000001cc237cc0c0, 0x000001cc237ceeb0, 0x000001cc237d0260, 0x000001cc237c92d0,
0x000001cc22dd6500, 0x000001cc22dd5150, 0x000001cc22dd57e0, 0x000001cc22dd3080,
0x000001cc22dd3710, 0x000001cc22dd3da0, 0x000001cc22dd4430, 0x000001cc22dd4ac0,
0x000001cc22dd5e70, 0x000001cc1f4bcfa0, 0x000001cc1f4be350, 0x000001cc1f4b9b20,
0x000001cc1f4bb560, 0x000001cc1f4bc910, 0x000001cc1f4be9e0, 0x000001cc1f4bd630
}

Java Threads: ( => current thread )
  0x000001cc7efa4900 JavaThread "main"                              [_thread_blocked, id=23444, stack(0x000000315cb00000,0x000000315cc00000) (1024K)]
  0x000001cc18aceea0 JavaThread "Reference Handler"          daemon [_thread_blocked, id=16012, stack(0x000000315d300000,0x000000315d400000) (1024K)]
  0x000001cc18ad1cd0 JavaThread "Finalizer"                  daemon [_thread_blocked, id=13432, stack(0x000000315d400000,0x000000315d500000) (1024K)]
  0x000001cc18ab6450 JavaThread "Signal Dispatcher"          daemon [_thread_blocked, id=12328, stack(0x000000315d500000,0x000000315d600000) (1024K)]
  0x000001cc18abb1c0 JavaThread "Attach Listener"            daemon [_thread_blocked, id=5992, stack(0x000000315d600000,0x000000315d700000) (1024K)]
  0x000001cc18abbc20 JavaThread "Service Thread"             daemon [_thread_blocked, id=19648, stack(0x000000315d700000,0x000000315d800000) (1024K)]
  0x000001cc18abc680 JavaThread "Monitor Deflation Thread"   daemon [_thread_blocked, id=13064, stack(0x000000315d800000,0x000000315d900000) (1024K)]
  0x000001cc18ad3d00 JavaThread "C2 CompilerThread0"         daemon [_thread_in_native, id=18744, stack(0x000000315d900000,0x000000315da00000) (1024K)]
  0x000001cc18adc3c0 JavaThread "C1 CompilerThread0"         daemon [_thread_blocked, id=14736, stack(0x000000315da00000,0x000000315db00000) (1024K)]
  0x000001cc188b4310 JavaThread "Common-Cleaner"             daemon [_thread_blocked, id=16064, stack(0x000000315db00000,0x000000315dc00000) (1024K)]
  0x000001cc1d0094b0 JavaThread "Notification Thread"        daemon [_thread_blocked, id=11048, stack(0x000000315dc00000,0x000000315dd00000) (1024K)]
  0x000001cc1d1f6690 JavaThread "C2 CompilerThread1"         daemon [_thread_blocked, id=21968, stack(0x000000315dd00000,0x000000315de00000) (1024K)]
  0x000001cc1d15b490 JavaThread "C2 CompilerThread2"         daemon [_thread_blocked, id=13600, stack(0x000000315de00000,0x000000315df00000) (1024K)]
  0x000001cc1e8cd440 JavaThread "Daemon health stats"               [_thread_blocked, id=13296, stack(0x000000315e600000,0x000000315e700000) (1024K)]
  0x000001cc1d2126e0 JavaThread "Incoming local TCP Connector on port 53478"        [_thread_in_native, id=15232, stack(0x000000315e700000,0x000000315e800000) (1024K)]
  0x000001cc1eee4f30 JavaThread "Daemon periodic checks"            [_thread_blocked, id=1780, stack(0x000000315e800000,0x000000315e900000) (1024K)]
  0x000001cc1ebc9870 JavaThread "Daemon"                            [_thread_blocked, id=7588, stack(0x000000315e900000,0x000000315ea00000) (1024K)]
  0x000001cc1ee3e0d0 JavaThread "Handler for socket connection from /127.0.0.1:53478 to /127.0.0.1:53480"        [_thread_in_native, id=6164, stack(0x000000315ea00000,0x000000315eb00000) (1024K)]
  0x000001cc1edec290 JavaThread "Cancel handler"                    [_thread_blocked, id=14944, stack(0x000000315eb00000,0x000000315ec00000) (1024K)]
  0x000001cc1edff320 JavaThread "Daemon worker"                     [_thread_blocked, id=6140, stack(0x000000315ec00000,0x000000315ed00000) (1024K)]
  0x000001cc1edff9b0 JavaThread "Asynchronous log dispatcher for DefaultDaemonConnection: socket connection from /127.0.0.1:53478 to /127.0.0.1:53480"        [_thread_blocked, id=14560, stack(0x000000315ed00000,0x000000315ee00000) (1024K)]
  0x000001cc1ee00040 JavaThread "Stdin handler"                     [_thread_blocked, id=6772, stack(0x000000315ee00000,0x000000315ef00000) (1024K)]
  0x000001cc1ee006d0 JavaThread "Daemon client event forwarder"        [_thread_blocked, id=14064, stack(0x000000315ef00000,0x000000315f000000) (1024K)]
  0x000001cc1ee00d60 JavaThread "Cache worker for journal cache (C:\Users\axel.romfelt\.gradle\caches\journal-1)"        [_thread_blocked, id=22824, stack(0x000000315f100000,0x000000315f200000) (1024K)]
  0x000001cc1edfdf70 JavaThread "File lock request listener"        [_thread_in_native, id=5460, stack(0x000000315f200000,0x000000315f300000) (1024K)]
  0x000001cc1edfd8e0 JavaThread "Cache worker for file hash cache (C:\Users\axel.romfelt\.gradle\caches\8.10.2\fileHashes)"        [_thread_blocked, id=10688, stack(0x000000315f300000,0x000000315f400000) (1024K)]
  0x000001cc1edfec90 JavaThread "Cache worker for file hash cache (C:\Users\axel.romfelt\AndroidStudioProjects\Axelnonogram\.gradle\8.10.2\fileHashes)"        [_thread_blocked, id=14780, stack(0x000000315f400000,0x000000315f500000) (1024K)]
  0x000001cc237c8c40 JavaThread "Cache worker for Build Output Cleanup Cache (C:\Users\axel.romfelt\AndroidStudioProjects\Axelnonogram\.gradle\buildOutputCleanup)"        [_thread_blocked, id=19152, stack(0x000000315f500000,0x000000315f600000) (1024K)]
  0x000001cc237ca680 JavaThread "File watcher server"        daemon [_thread_in_native, id=4528, stack(0x000000315f600000,0x000000315f700000) (1024K)]
  0x000001cc237ccde0 JavaThread "File watcher consumer"      daemon [_thread_blocked, id=23228, stack(0x000000315f700000,0x000000315f800000) (1024K)]
  0x000001cc237cd470 JavaThread "jar transforms"                    [_thread_blocked, id=23240, stack(0x000000315f800000,0x000000315f900000) (1024K)]
  0x000001cc237c9ff0 JavaThread "jar transforms Thread 2"           [_thread_blocked, id=14972, stack(0x000000315f900000,0x000000315fa00000) (1024K)]
  0x000001cc237cc750 JavaThread "jar transforms Thread 3"           [_thread_blocked, id=8908, stack(0x000000315fa00000,0x000000315fb00000) (1024K)]
  0x000001cc237cad10 JavaThread "jar transforms Thread 4"           [_thread_blocked, id=7224, stack(0x000000315fb00000,0x000000315fc00000) (1024K)]
  0x000001cc237cdb00 JavaThread "jar transforms Thread 5"           [_thread_blocked, id=15464, stack(0x000000315fc00000,0x000000315fd00000) (1024K)]
  0x000001cc237ce190 JavaThread "jar transforms Thread 6"           [_thread_blocked, id=18372, stack(0x000000315fd00000,0x000000315fe00000) (1024K)]
  0x000001cc237cfbd0 JavaThread "jar transforms Thread 7"           [_thread_blocked, id=18776, stack(0x000000315fe00000,0x000000315ff00000) (1024K)]
  0x000001cc237c9960 JavaThread "jar transforms Thread 8"           [_thread_blocked, id=22952, stack(0x000000315ff00000,0x0000003160000000) (1024K)]
  0x000001cc237cb3a0 JavaThread "Cache worker for checksums cache (C:\Users\axel.romfelt\AndroidStudioProjects\Axelnonogram\.gradle\8.10.2\checksums)"        [_thread_blocked, id=424, stack(0x0000003160000000,0x0000003160100000) (1024K)]
  0x000001cc237ce820 JavaThread "Cache worker for file content cache (C:\Users\axel.romfelt\.gradle\caches\8.10.2\fileContent)"        [_thread_blocked, id=23536, stack(0x0000003160100000,0x0000003160200000) (1024K)]
  0x000001cc237cc0c0 JavaThread "Cache worker for cache directory md-rule (C:\Users\axel.romfelt\.gradle\caches\8.10.2\md-rule)"        [_thread_blocked, id=576, stack(0x0000003160200000,0x0000003160300000) (1024K)]
  0x000001cc237ceeb0 JavaThread "Cache worker for cache directory md-supplier (C:\Users\axel.romfelt\.gradle\caches\8.10.2\md-supplier)"        [_thread_blocked, id=6944, stack(0x0000003160300000,0x0000003160400000) (1024K)]
  0x000001cc237d0260 JavaThread "Unconstrained build operations"        [_thread_blocked, id=19176, stack(0x0000003160400000,0x0000003160500000) (1024K)]
  0x000001cc237c92d0 JavaThread "Unconstrained build operations Thread 2"        [_thread_blocked, id=21280, stack(0x0000003160500000,0x0000003160600000) (1024K)]
  0x000001cc22dd6500 JavaThread "Unconstrained build operations Thread 3"        [_thread_blocked, id=11560, stack(0x0000003160600000,0x0000003160700000) (1024K)]
  0x000001cc22dd5150 JavaThread "Unconstrained build operations Thread 4"        [_thread_blocked, id=9328, stack(0x0000003160700000,0x0000003160800000) (1024K)]
  0x000001cc22dd57e0 JavaThread "Unconstrained build operations Thread 5"        [_thread_blocked, id=15920, stack(0x0000003160800000,0x0000003160900000) (1024K)]
  0x000001cc22dd3080 JavaThread "Unconstrained build operations Thread 6"        [_thread_blocked, id=1940, stack(0x0000003160900000,0x0000003160a00000) (1024K)]
  0x000001cc22dd3710 JavaThread "Unconstrained build operations Thread 7"        [_thread_blocked, id=1976, stack(0x0000003160a00000,0x0000003160b00000) (1024K)]
  0x000001cc22dd3da0 JavaThread "Unconstrained build operations Thread 8"        [_thread_blocked, id=5156, stack(0x0000003160b00000,0x0000003160c00000) (1024K)]
  0x000001cc22dd4430 JavaThread "Unconstrained build operations Thread 9"        [_thread_blocked, id=2208, stack(0x0000003160c00000,0x0000003160d00000) (1024K)]
  0x000001cc22dd4ac0 JavaThread "Unconstrained build operations Thread 10"        [_thread_blocked, id=15708, stack(0x0000003160d00000,0x0000003160e00000) (1024K)]
  0x000001cc22dd5e70 JavaThread "Unconstrained build operations Thread 11"        [_thread_blocked, id=2340, stack(0x0000003160e00000,0x0000003160f00000) (1024K)]
  0x000001cc1f4bcfa0 JavaThread "Unconstrained build operations Thread 12"        [_thread_blocked, id=3176, stack(0x0000003160f00000,0x0000003161000000) (1024K)]
  0x000001cc1f4be350 JavaThread "Unconstrained build operations Thread 13"        [_thread_blocked, id=22836, stack(0x0000003161000000,0x0000003161100000) (1024K)]
  0x000001cc1f4b9b20 JavaThread "Unconstrained build operations Thread 14"        [_thread_blocked, id=15772, stack(0x0000003161100000,0x0000003161200000) (1024K)]
  0x000001cc1f4bb560 JavaThread "Unconstrained build operations Thread 15"        [_thread_blocked, id=13536, stack(0x0000003161200000,0x0000003161300000) (1024K)]
  0x000001cc1f4bc910 JavaThread "Unconstrained build operations Thread 16"        [_thread_blocked, id=6968, stack(0x0000003161300000,0x0000003161400000) (1024K)]
  0x000001cc1f4be9e0 JavaThread "Unconstrained build operations Thread 17"        [_thread_blocked, id=20760, stack(0x0000003161400000,0x0000003161500000) (1024K)]
  0x000001cc1f4bd630 JavaThread "Unconstrained build operations Thread 18"        [_thread_blocked, id=8940, stack(0x0000003161500000,0x0000003161600000) (1024K)]
Total: 60

Other Threads:
=>0x000001cc188be670 VMThread "VM Thread"                           [id=18060, stack(0x000000315d200000,0x000000315d300000) (1024K)]
  0x000001cc188b3940 WatcherThread "VM Periodic Task Thread"        [id=16884, stack(0x000000315d100000,0x000000315d200000) (1024K)]
  0x000001cc7f219380 WorkerThread "GC Thread#0"                     [id=20032, stack(0x000000315cc00000,0x000000315cd00000) (1024K)]
  0x000001cc1d0eabb0 WorkerThread "GC Thread#1"                     [id=16568, stack(0x000000315df00000,0x000000315e000000) (1024K)]
  0x000001cc1d0eaf50 WorkerThread "GC Thread#2"                     [id=356, stack(0x000000315e000000,0x000000315e100000) (1024K)]
  0x000001cc1d798eb0 WorkerThread "GC Thread#3"                     [id=376, stack(0x000000315e100000,0x000000315e200000) (1024K)]
  0x000001cc1d799250 WorkerThread "GC Thread#4"                     [id=11708, stack(0x000000315e200000,0x000000315e300000) (1024K)]
  0x000001cc1d7995f0 WorkerThread "GC Thread#5"                     [id=9256, stack(0x000000315e300000,0x000000315e400000) (1024K)]
  0x000001cc1e9846e0 WorkerThread "GC Thread#6"                     [id=23128, stack(0x000000315e400000,0x000000315e500000) (1024K)]
  0x000001cc1e94f780 WorkerThread "GC Thread#7"                     [id=15948, stack(0x000000315e500000,0x000000315e600000) (1024K)]
  0x000001cc7f22a270 ConcurrentGCThread "G1 Main Marker"            [id=20620, stack(0x000000315cd00000,0x000000315ce00000) (1024K)]
  0x000001cc7f22ac80 WorkerThread "G1 Conc#0"                       [id=7440, stack(0x000000315ce00000,0x000000315cf00000) (1024K)]
  0x000001cc1e94fb20 WorkerThread "G1 Conc#1"                       [id=18308, stack(0x000000315f000000,0x000000315f100000) (1024K)]
  0x000001cc187842a0 ConcurrentGCThread "G1 Refine#0"               [id=3588, stack(0x000000315cf00000,0x000000315d000000) (1024K)]
  0x000001cc18789c40 ConcurrentGCThread "G1 Service"                [id=20820, stack(0x000000315d000000,0x000000315d100000) (1024K)]
Total: 15

Threads with active compile tasks:
C2 CompilerThread0     4540 5893   !   4       java.net.URLClassLoader::findClass (47 bytes)
C2 CompilerThread1     4540 5904       4       java.net.URLClassLoader$1::run (5 bytes)
C2 CompilerThread2     4540 5922   !   4       java.util.regex.Pattern::matcher (44 bytes)
Total: 3

VM state: at safepoint (normal execution)

VM Mutex/Monitor currently owned by a thread:  ([mutex/lock_event])
[0x00007ffcdd4072f8] Threads_lock - owner thread: 0x000001cc188be670
[0x00007ffcdd4073f8] Heap_lock - owner thread: 0x000001cc1edff320

Heap address: 0x0000000080000000, size: 2048 MB, Compressed Oops mode: 32-bit

CDS archive(s) not mapped
Compressed class space mapped at: 0x0000000100000000-0x0000000140000000, reserved size: 1073741824
Narrow klass base: 0x0000000000000000, Narrow klass shift: 3, Narrow klass range: 0x140000000

GC Precious Log:
 CardTable entry size: 512
 Card Set container configuration: InlinePtr #cards 5 size 8 Array Of Cards #cards 12 size 40 Howl #buckets 4 coarsen threshold 1843 Howl Bitmap #cards 512 size 80 coarsen threshold 460 Card regions per heap region 1 cards per card region 2048
 CPUs: 8 total, 8 available
 Memory: 16064M
 Large Page Support: Disabled
 NUMA Support: Disabled
 Compressed Oops: Enabled (32-bit)
 Heap Region Size: 1M
 Heap Min Capacity: 8M
 Heap Initial Capacity: 252M
 Heap Max Capacity: 2G
 Pre-touch: Disabled
 Parallel Workers: 8
 Concurrent Workers: 2
 Concurrent Refinement Workers: 8
 Periodic GC: Disabled

Heap:
 garbage-first heap   total 126976K, used 76726K [0x0000000080000000, 0x0000000100000000)
  region size 1024K, 4 young (4096K), 4 survivors (4096K)
 Metaspace       used 58811K, committed 60352K, reserved 1114112K
  class space    used 7872K, committed 8640K, reserved 1048576K

Heap Regions: E=young(eden), S=young(survivor), O=old, HS=humongous(starts), HC=humongous(continues), CS=collection set, F=free, TAMS=top-at-mark-start, PB=parsable bottom
|   0|0x0000000080000000, 0x0000000080100000, 0x0000000080100000|100%| O|  |TAMS 0x0000000080000000| PB 0x0000000080000000| Untracked 
|   1|0x0000000080100000, 0x0000000080200000, 0x0000000080200000|100%|HS|  |TAMS 0x0000000080100000| PB 0x0000000080100000| Complete 
|   2|0x0000000080200000, 0x0000000080300000, 0x0000000080300000|100%|HC|  |TAMS 0x0000000080200000| PB 0x0000000080200000| Complete 
|   3|0x0000000080300000, 0x0000000080400000, 0x0000000080400000|100%|HC|  |TAMS 0x0000000080300000| PB 0x0000000080300000| Complete 
|   4|0x0000000080400000, 0x0000000080500000, 0x0000000080500000|100%|HC|  |TAMS 0x0000000080400000| PB 0x0000000080400000| Complete 
|   5|0x0000000080500000, 0x0000000080600000, 0x0000000080600000|100%| O|  |TAMS 0x0000000080500000| PB 0x0000000080500000| Untracked 
|   6|0x0000000080600000, 0x0000000080700000, 0x0000000080700000|100%| O|  |TAMS 0x0000000080600000| PB 0x0000000080600000| Untracked 
|   7|0x0000000080700000, 0x0000000080800000, 0x0000000080800000|100%| O|  |TAMS 0x0000000080700000| PB 0x0000000080700000| Untracked 
|   8|0x0000000080800000, 0x0000000080900000, 0x0000000080900000|100%| O|  |TAMS 0x0000000080800000| PB 0x0000000080800000| Untracked 
|   9|0x0000000080900000, 0x0000000080a00000, 0x0000000080a00000|100%|HS|  |TAMS 0x0000000080900000| PB 0x0000000080900000| Complete 
|  10|0x0000000080a00000, 0x0000000080b00000, 0x0000000080b00000|100%| O|  |TAMS 0x0000000080a00000| PB 0x0000000080a00000| Untracked 
|  11|0x0000000080b00000, 0x0000000080c00000, 0x0000000080c00000|100%| O|  |TAMS 0x0000000080b00000| PB 0x0000000080b00000| Untracked 
|  12|0x0000000080c00000, 0x0000000080d00000, 0x0000000080d00000|100%| O|  |TAMS 0x0000000080c00000| PB 0x0000000080c00000| Untracked 
|  13|0x0000000080d00000, 0x0000000080e00000, 0x0000000080e00000|100%| O|  |TAMS 0x0000000080d00000| PB 0x0000000080d00000| Untracked 
|  14|0x0000000080e00000, 0x0000000080f00000, 0x0000000080f00000|100%| O|  |TAMS 0x0000000080e00000| PB 0x0000000080e00000| Untracked 
|  15|0x0000000080f00000, 0x0000000081000000, 0x0000000081000000|100%| O|  |TAMS 0x0000000080f00000| PB 0x0000000080f00000| Untracked 
|  16|0x0000000081000000, 0x0000000081100000, 0x0000000081100000|100%| O|  |TAMS 0x0000000081000000| PB 0x0000000081000000| Untracked 
|  17|0x0000000081100000, 0x0000000081200000, 0x0000000081200000|100%| O|  |TAMS 0x0000000081100000| PB 0x0000000081100000| Untracked 
|  18|0x0000000081200000, 0x0000000081300000, 0x0000000081300000|100%| O|  |TAMS 0x0000000081200000| PB 0x0000000081200000| Untracked 
|  19|0x0000000081300000, 0x0000000081400000, 0x0000000081400000|100%| O|  |TAMS 0x0000000081300000| PB 0x0000000081300000| Untracked 
|  20|0x0000000081400000, 0x0000000081500000, 0x0000000081500000|100%| O|  |TAMS 0x0000000081400000| PB 0x0000000081400000| Untracked 
|  21|0x0000000081500000, 0x0000000081600000, 0x0000000081600000|100%|HS|  |TAMS 0x0000000081500000| PB 0x0000000081500000| Complete 
|  22|0x0000000081600000, 0x0000000081700000, 0x0000000081700000|100%|HC|  |TAMS 0x0000000081600000| PB 0x0000000081600000| Complete 
|  23|0x0000000081700000, 0x0000000081800000, 0x0000000081800000|100%|HC|  |TAMS 0x0000000081700000| PB 0x0000000081700000| Complete 
|  24|0x0000000081800000, 0x0000000081900000, 0x0000000081900000|100%|HC|  |TAMS 0x0000000081800000| PB 0x0000000081800000| Complete 
|  25|0x0000000081900000, 0x0000000081a00000, 0x0000000081a00000|100%|HC|  |TAMS 0x0000000081900000| PB 0x0000000081900000| Complete 
|  26|0x0000000081a00000, 0x0000000081b00000, 0x0000000081b00000|100%|HC|  |TAMS 0x0000000081a00000| PB 0x0000000081a00000| Complete 
|  27|0x0000000081b00000, 0x0000000081c00000, 0x0000000081c00000|100%| O|  |TAMS 0x0000000081b00000| PB 0x0000000081b00000| Untracked 
|  28|0x0000000081c00000, 0x0000000081d00000, 0x0000000081d00000|100%|HS|  |TAMS 0x0000000081c00000| PB 0x0000000081c00000| Complete 
|  29|0x0000000081d00000, 0x0000000081e00000, 0x0000000081e00000|100%| O|  |TAMS 0x0000000081d00000| PB 0x0000000081d00000| Untracked 
|  30|0x0000000081e00000, 0x0000000081f00000, 0x0000000081f00000|100%| O|  |TAMS 0x0000000081e00000| PB 0x0000000081e00000| Untracked 
|  31|0x0000000081f00000, 0x0000000082000000, 0x0000000082000000|100%| O|  |TAMS 0x0000000081f00000| PB 0x0000000081f00000| Untracked 
|  32|0x0000000082000000, 0x0000000082100000, 0x0000000082100000|100%| O|  |TAMS 0x0000000082000000| PB 0x0000000082000000| Untracked 
|  33|0x0000000082100000, 0x0000000082200000, 0x0000000082200000|100%| O|Cm|TAMS 0x0000000082100000| PB 0x0000000082100000| Complete 
|  34|0x0000000082200000, 0x0000000082300000, 0x0000000082300000|100%|HS|  |TAMS 0x0000000082200000| PB 0x0000000082200000| Complete 
|  35|0x0000000082300000, 0x0000000082400000, 0x0000000082400000|100%|HC|  |TAMS 0x0000000082300000| PB 0x0000000082300000| Complete 
|  36|0x0000000082400000, 0x0000000082500000, 0x0000000082500000|100%|HC|  |TAMS 0x0000000082400000| PB 0x0000000082400000| Complete 
|  37|0x0000000082500000, 0x0000000082600000, 0x0000000082600000|100%|HS|  |TAMS 0x0000000082500000| PB 0x0000000082500000| Complete 
|  38|0x0000000082600000, 0x0000000082700000, 0x0000000082700000|100%|HC|  |TAMS 0x0000000082600000| PB 0x0000000082600000| Complete 
|  39|0x0000000082700000, 0x0000000082800000, 0x0000000082800000|100%| O|  |TAMS 0x0000000082700000| PB 0x0000000082700000| Untracked 
|  40|0x0000000082800000, 0x0000000082900000, 0x0000000082900000|100%| O|  |TAMS 0x0000000082800000| PB 0x0000000082800000| Untracked 
|  41|0x0000000082900000, 0x0000000082a00000, 0x0000000082a00000|100%| O|  |TAMS 0x0000000082900000| PB 0x0000000082900000| Untracked 
|  42|0x0000000082a00000, 0x0000000082b00000, 0x0000000082b00000|100%|HS|  |TAMS 0x0000000082a00000| PB 0x0000000082a00000| Complete 
|  43|0x0000000082b00000, 0x0000000082c00000, 0x0000000082c00000|100%|HC|  |TAMS 0x0000000082b00000| PB 0x0000000082b00000| Complete 
|  44|0x0000000082c00000, 0x0000000082d00000, 0x0000000082d00000|100%| O|  |TAMS 0x0000000082c00000| PB 0x0000000082c00000| Untracked 
|  45|0x0000000082d00000, 0x0000000082e00000, 0x0000000082e00000|100%| O|  |TAMS 0x0000000082d00000| PB 0x0000000082d00000| Untracked 
|  46|0x0000000082e00000, 0x0000000082f00000, 0x0000000082f00000|100%| O|  |TAMS 0x0000000082e00000| PB 0x0000000082e00000| Untracked 
|  47|0x0000000082f00000, 0x0000000083000000, 0x0000000083000000|100%| O|  |TAMS 0x0000000082f00000| PB 0x0000000082f00000| Untracked 
|  48|0x0000000083000000, 0x0000000083100000, 0x0000000083100000|100%| O|  |TAMS 0x0000000083000000| PB 0x0000000083000000| Untracked 
|  49|0x0000000083100000, 0x0000000083200000, 0x0000000083200000|100%| O|  |TAMS 0x0000000083100000| PB 0x0000000083100000| Untracked 
|  50|0x0000000083200000, 0x0000000083300000, 0x0000000083300000|100%| O|  |TAMS 0x0000000083200000| PB 0x0000000083200000| Untracked 
|  51|0x0000000083300000, 0x0000000083400000, 0x0000000083400000|100%| O|  |TAMS 0x0000000083300000| PB 0x0000000083300000| Untracked 
|  52|0x0000000083400000, 0x0000000083500000, 0x0000000083500000|100%| O|  |TAMS 0x0000000083400000| PB 0x0000000083400000| Untracked 
|  53|0x0000000083500000, 0x0000000083500000, 0x0000000083600000|  0%| F|  |TAMS 0x0000000083500000| PB 0x0000000083500000| Untracked 
|  54|0x0000000083600000, 0x0000000083600000, 0x0000000083700000|  0%| F|  |TAMS 0x0000000083600000| PB 0x0000000083600000| Untracked 
|  55|0x0000000083700000, 0x0000000083800000, 0x0000000083800000|100%| O|  |TAMS 0x0000000083700000| PB 0x0000000083700000| Untracked 
|  56|0x0000000083800000, 0x0000000083800000, 0x0000000083900000|  0%| F|  |TAMS 0x0000000083800000| PB 0x0000000083800000| Untracked 
|  57|0x0000000083900000, 0x0000000083900000, 0x0000000083a00000|  0%| F|  |TAMS 0x0000000083900000| PB 0x0000000083900000| Untracked 
|  58|0x0000000083a00000, 0x0000000083a00000, 0x0000000083b00000|  0%| F|  |TAMS 0x0000000083a00000| PB 0x0000000083a00000| Untracked 
|  59|0x0000000083b00000, 0x0000000083b00000, 0x0000000083c00000|  0%| F|  |TAMS 0x0000000083b00000| PB 0x0000000083b00000| Untracked 
|  60|0x0000000083c00000, 0x0000000083c00000, 0x0000000083d00000|  0%| F|  |TAMS 0x0000000083c00000| PB 0x0000000083c00000| Untracked 
|  61|0x0000000083d00000, 0x0000000083d00000, 0x0000000083e00000|  0%| F|  |TAMS 0x0000000083d00000| PB 0x0000000083d00000| Untracked 
|  62|0x0000000083e00000, 0x0000000083e00000, 0x0000000083f00000|  0%| F|  |TAMS 0x0000000083e00000| PB 0x0000000083e00000| Untracked 
|  63|0x0000000083f00000, 0x0000000083f00000, 0x0000000084000000|  0%| F|  |TAMS 0x0000000083f00000| PB 0x0000000083f00000| Untracked 
|  64|0x0000000084000000, 0x0000000084000000, 0x0000000084100000|  0%| F|  |TAMS 0x0000000084000000| PB 0x0000000084000000| Untracked 
|  65|0x0000000084100000, 0x0000000084100000, 0x0000000084200000|  0%| F|  |TAMS 0x0000000084100000| PB 0x0000000084100000| Untracked 
|  66|0x0000000084200000, 0x0000000084300000, 0x0000000084300000|100%|HS|  |TAMS 0x0000000084200000| PB 0x0000000084200000| Complete 
|  67|0x0000000084300000, 0x0000000084400000, 0x0000000084400000|100%|HC|  |TAMS 0x0000000084300000| PB 0x0000000084300000| Complete 
|  68|0x0000000084400000, 0x0000000084500000, 0x0000000084500000|100%|HC|  |TAMS 0x0000000084400000| PB 0x0000000084400000| Complete 
|  69|0x0000000084500000, 0x0000000084600000, 0x0000000084600000|100%|HC|  |TAMS 0x0000000084500000| PB 0x0000000084500000| Complete 
|  70|0x0000000084600000, 0x0000000084700000, 0x0000000084700000|100%|HC|  |TAMS 0x0000000084600000| PB 0x0000000084600000| Complete 
|  71|0x0000000084700000, 0x0000000084800000, 0x0000000084800000|100%|HC|  |TAMS 0x0000000084700000| PB 0x0000000084700000| Complete 
|  72|0x0000000084800000, 0x0000000084900000, 0x0000000084900000|100%|HS|  |TAMS 0x0000000084800000| PB 0x0000000084800000| Complete 
|  73|0x0000000084900000, 0x0000000084a00000, 0x0000000084a00000|100%|HC|  |TAMS 0x0000000084900000| PB 0x0000000084900000| Complete 
|  74|0x0000000084a00000, 0x0000000084b00000, 0x0000000084b00000|100%|HC|  |TAMS 0x0000000084a00000| PB 0x0000000084a00000| Complete 
|  75|0x0000000084b00000, 0x0000000084c00000, 0x0000000084c00000|100%|HC|  |TAMS 0x0000000084b00000| PB 0x0000000084b00000| Complete 
|  76|0x0000000084c00000, 0x0000000084d00000, 0x0000000084d00000|100%|HC|  |TAMS 0x0000000084c00000| PB 0x0000000084c00000| Complete 
|  77|0x0000000084d00000, 0x0000000084e00000, 0x0000000084e00000|100%|HC|  |TAMS 0x0000000084d00000| PB 0x0000000084d00000| Complete 
|  78|0x0000000084e00000, 0x0000000084e00000, 0x0000000084f00000|  0%| F|  |TAMS 0x0000000084e00000| PB 0x0000000084e00000| Untracked 
|  79|0x0000000084f00000, 0x0000000084f00000, 0x0000000085000000|  0%| F|  |TAMS 0x0000000084f00000| PB 0x0000000084f00000| Untracked 
|  80|0x0000000085000000, 0x0000000085000000, 0x0000000085100000|  0%| F|  |TAMS 0x0000000085000000| PB 0x0000000085000000| Untracked 
|  81|0x0000000085100000, 0x0000000085100000, 0x0000000085200000|  0%| F|  |TAMS 0x0000000085100000| PB 0x0000000085100000| Untracked 
|  82|0x0000000085200000, 0x0000000085200000, 0x0000000085300000|  0%| F|  |TAMS 0x0000000085200000| PB 0x0000000085200000| Untracked 
|  83|0x0000000085300000, 0x0000000085300000, 0x0000000085400000|  0%| F|  |TAMS 0x0000000085300000| PB 0x0000000085300000| Untracked 
|  84|0x0000000085400000, 0x0000000085400000, 0x0000000085500000|  0%| F|  |TAMS 0x0000000085400000| PB 0x0000000085400000| Untracked 
|  85|0x0000000085500000, 0x0000000085500000, 0x0000000085600000|  0%| F|  |TAMS 0x0000000085500000| PB 0x0000000085500000| Untracked 
|  86|0x0000000085600000, 0x0000000085600000, 0x0000000085700000|  0%| F|  |TAMS 0x0000000085600000| PB 0x0000000085600000| Untracked 
|  87|0x0000000085700000, 0x0000000085700000, 0x0000000085800000|  0%| F|  |TAMS 0x0000000085700000| PB 0x0000000085700000| Untracked 
|  88|0x0000000085800000, 0x0000000085800000, 0x0000000085900000|  0%| F|  |TAMS 0x0000000085800000| PB 0x0000000085800000| Untracked 
|  89|0x0000000085900000, 0x0000000085900000, 0x0000000085a00000|  0%| F|  |TAMS 0x0000000085900000| PB 0x0000000085900000| Untracked 
|  90|0x0000000085a00000, 0x0000000085a00000, 0x0000000085b00000|  0%| F|  |TAMS 0x0000000085a00000| PB 0x0000000085a00000| Untracked 
|  91|0x0000000085b00000, 0x0000000085b00000, 0x0000000085c00000|  0%| F|  |TAMS 0x0000000085b00000| PB 0x0000000085b00000| Untracked 
|  92|0x0000000085c00000, 0x0000000085c00000, 0x0000000085d00000|  0%| F|  |TAMS 0x0000000085c00000| PB 0x0000000085c00000| Untracked 
|  93|0x0000000085d00000, 0x0000000085d00000, 0x0000000085e00000|  0%| F|  |TAMS 0x0000000085d00000| PB 0x0000000085d00000| Untracked 
|  94|0x0000000085e00000, 0x0000000085e00000, 0x0000000085f00000|  0%| F|  |TAMS 0x0000000085e00000| PB 0x0000000085e00000| Untracked 
|  95|0x0000000085f00000, 0x0000000085f00000, 0x0000000086000000|  0%| F|  |TAMS 0x0000000085f00000| PB 0x0000000085f00000| Untracked 
|  96|0x0000000086000000, 0x0000000086000000, 0x0000000086100000|  0%| F|  |TAMS 0x0000000086000000| PB 0x0000000086000000| Untracked 
|  97|0x0000000086100000, 0x0000000086100000, 0x0000000086200000|  0%| F|  |TAMS 0x0000000086100000| PB 0x0000000086100000| Untracked 
|  98|0x0000000086200000, 0x0000000086200000, 0x0000000086300000|  0%| F|  |TAMS 0x0000000086200000| PB 0x0000000086200000| Untracked 
|  99|0x0000000086300000, 0x0000000086300000, 0x0000000086400000|  0%| F|  |TAMS 0x0000000086300000| PB 0x0000000086300000| Untracked 
| 100|0x0000000086400000, 0x0000000086400000, 0x0000000086500000|  0%| F|  |TAMS 0x0000000086400000| PB 0x0000000086400000| Untracked 
| 101|0x0000000086500000, 0x0000000086500000, 0x0000000086600000|  0%| F|  |TAMS 0x0000000086500000| PB 0x0000000086500000| Untracked 
| 102|0x0000000086600000, 0x0000000086600000, 0x0000000086700000|  0%| F|  |TAMS 0x0000000086600000| PB 0x0000000086600000| Untracked 
| 103|0x0000000086700000, 0x0000000086800000, 0x0000000086800000|100%| S|CS|TAMS 0x0000000086700000| PB 0x0000000086700000| Complete 
| 104|0x0000000086800000, 0x0000000086900000, 0x0000000086900000|100%| S|CS|TAMS 0x0000000086800000| PB 0x0000000086800000| Complete 
| 105|0x0000000086900000, 0x0000000086a00000, 0x0000000086a00000|100%| S|CS|TAMS 0x0000000086900000| PB 0x0000000086900000| Complete 
| 106|0x0000000086a00000, 0x0000000086a91500, 0x0000000086b00000| 56%| S|CS|TAMS 0x0000000086a00000| PB 0x0000000086a00000| Complete 
| 221|0x000000008dd00000, 0x000000008dd00000, 0x000000008de00000|  0%| F|  |TAMS 0x000000008dd00000| PB 0x000000008dd00000| Untracked 
| 222|0x000000008de00000, 0x000000008de00000, 0x000000008df00000|  0%| F|  |TAMS 0x000000008de00000| PB 0x000000008de00000| Untracked 
| 223|0x000000008df00000, 0x000000008df00000, 0x000000008e000000|  0%| F|  |TAMS 0x000000008df00000| PB 0x000000008df00000| Untracked 
| 224|0x000000008e000000, 0x000000008e000000, 0x000000008e100000|  0%| F|  |TAMS 0x000000008e000000| PB 0x000000008e000000| Untracked 
| 225|0x000000008e100000, 0x000000008e100000, 0x000000008e200000|  0%| F|  |TAMS 0x000000008e100000| PB 0x000000008e100000| Untracked 
| 226|0x000000008e200000, 0x000000008e200000, 0x000000008e300000|  0%| F|  |TAMS 0x000000008e200000| PB 0x000000008e200000| Untracked 
| 227|0x000000008e300000, 0x000000008e300000, 0x000000008e400000|  0%| F|  |TAMS 0x000000008e300000| PB 0x000000008e300000| Untracked 
| 228|0x000000008e400000, 0x000000008e400000, 0x000000008e500000|  0%| F|  |TAMS 0x000000008e400000| PB 0x000000008e400000| Untracked 
| 229|0x000000008e500000, 0x000000008e500000, 0x000000008e600000|  0%| F|  |TAMS 0x000000008e500000| PB 0x000000008e500000| Untracked 
| 230|0x000000008e600000, 0x000000008e600000, 0x000000008e700000|  0%| F|  |TAMS 0x000000008e600000| PB 0x000000008e600000| Untracked 
| 251|0x000000008fb00000, 0x000000008fb00000, 0x000000008fc00000|  0%| F|  |TAMS 0x000000008fb00000| PB 0x000000008fb00000| Untracked 
|2042|0x00000000ffa00000, 0x00000000ffa5c3e0, 0x00000000ffb00000| 36%| O|  |TAMS 0x00000000ffa00000| PB 0x00000000ffa00000| Untracked 
|2043|0x00000000ffb00000, 0x00000000ffc00000, 0x00000000ffc00000|100%| O|  |TAMS 0x00000000ffb00000| PB 0x00000000ffb00000| Untracked 
|2044|0x00000000ffc00000, 0x00000000ffd00000, 0x00000000ffd00000|100%| O|  |TAMS 0x00000000ffc00000| PB 0x00000000ffc00000| Untracked 
|2045|0x00000000ffd00000, 0x00000000ffe00000, 0x00000000ffe00000|100%| O|  |TAMS 0x00000000ffd00000| PB 0x00000000ffd00000| Untracked 
|2046|0x00000000ffe00000, 0x00000000fff00000, 0x00000000fff00000|100%| O|  |TAMS 0x00000000ffe00000| PB 0x00000000ffe00000| Untracked 
|2047|0x00000000fff00000, 0x0000000100000000, 0x0000000100000000|100%| O|  |TAMS 0x00000000fff00000| PB 0x00000000fff00000| Untracked 

Card table byte_map: [0x000001cc139a0000,0x000001cc13da0000] _byte_map_base: 0x000001cc135a0000

Marking Bits: (CMBitMap*) 0x000001cc7f219990
 Bits: [0x000001cc13da0000, 0x000001cc15da0000)

Polling page: 0x000001cc7f290000

Metaspace:

Usage:
  Non-class:     49.74 MB used.
      Class:      7.69 MB used.
       Both:     57.43 MB used.

Virtual space:
  Non-class space:       64.00 MB reserved,      50.50 MB ( 79%) committed,  1 nodes.
      Class space:        1.00 GB reserved,       8.44 MB ( <1%) committed,  1 nodes.
             Both:        1.06 GB reserved,      58.94 MB (  5%) committed. 

Chunk freelists:
   Non-Class:  13.38 MB
       Class:  7.39 MB
        Both:  20.77 MB

MaxMetaspaceSize: unlimited
CompressedClassSpaceSize: 1.00 GB
Initial GC threshold: 21.00 MB
Current GC threshold: 94.62 MB
CDS: off
 - commit_granule_bytes: 65536.
 - commit_granule_words: 8192.
 - virtual_space_node_default_size: 8388608.
 - enlarge_chunks_in_place: 1.
 - use_allocation_guard: 0.


Internal statistics:

num_allocs_failed_limit: 6.
num_arena_births: 2864.
num_arena_deaths: 0.
num_vsnodes_births: 2.
num_vsnodes_deaths: 0.
num_space_committed: 943.
num_space_uncommitted: 0.
num_chunks_returned_to_freelist: 6.
num_chunks_taken_from_freelist: 5256.
num_chunk_merges: 6.
num_chunk_splits: 3342.
num_chunks_enlarged: 2026.
num_inconsistent_stats: 0.

CodeHeap 'non-profiled nmethods': size=120000Kb used=2982Kb max_used=3253Kb free=117017Kb
 bounds [0x000001cc0bf60000, 0x000001cc0c290000, 0x000001cc13490000]
CodeHeap 'profiled nmethods': size=120000Kb used=10158Kb max_used=10258Kb free=109841Kb
 bounds [0x000001cc04490000, 0x000001cc04ea0000, 0x000001cc0b9c0000]
CodeHeap 'non-nmethods': size=5760Kb used=2932Kb max_used=2958Kb free=2827Kb
 bounds [0x000001cc0b9c0000, 0x000001cc0bcb0000, 0x000001cc0bf60000]
 total_blobs=6196 nmethods=5342 adapters=757
 compilation: enabled
              stopped_count=0, restarted_count=0
 full_count=0

Compilation events (20 events):
Event: 4.489 Thread 0x000001cc18adc3c0 nmethod 5912 0x000001cc04833e90 code [0x000001cc048340a0, 0x000001cc04834540]
Event: 4.493 Thread 0x000001cc1d15b490 5913       4       org.gradle.internal.classpath.DefaultClassPath$ImmutableUniqueList::get (57 bytes)
Event: 4.494 Thread 0x000001cc1d15b490 nmethod 5913 0x000001cc0c063f10 code [0x000001cc0c0640a0, 0x000001cc0c064190]
Event: 4.494 Thread 0x000001cc1d15b490 5914   !   4       java.util.AbstractList$Itr::next (46 bytes)
Event: 4.495 Thread 0x000001cc1d15b490 nmethod 5914 0x000001cc0c063a90 code [0x000001cc0c063c20, 0x000001cc0c063d88]
Event: 4.495 Thread 0x000001cc1d15b490 5915 %     4       java.util.LinkedHashMap::keysToArray @ 51 (80 bytes)
Event: 4.497 Thread 0x000001cc1d15b490 nmethod 5915% 0x000001cc0bf85290 code [0x000001cc0bf85420, 0x000001cc0bf856f0]
Event: 4.499 Thread 0x000001cc1d15b490 5916       4       java.util.LinkedHashMap::keysToArray (80 bytes)
Event: 4.500 Thread 0x000001cc1d15b490 nmethod 5916 0x000001cc0bf84d90 code [0x000001cc0bf84f20, 0x000001cc0bf85160]
Event: 4.504 Thread 0x000001cc1d15b490 5917       4       java.util.ArrayList$SubList::toArray (79 bytes)
Event: 4.505 Thread 0x000001cc1d15b490 nmethod 5917 0x000001cc0bf84790 code [0x000001cc0bf84920, 0x000001cc0bf84ba8]
Event: 4.508 Thread 0x000001cc1d15b490 5918       4       java.lang.invoke.MemberName::init (53 bytes)
Event: 4.508 Thread 0x000001cc18adc3c0 5919       3       org.gradle.api.specs.NotSpec::isSatisfiedBy (19 bytes)
Event: 4.508 Thread 0x000001cc18adc3c0 nmethod 5919 0x000001cc049dab10 code [0x000001cc049dacc0, 0x000001cc049daee0]
Event: 4.508 Thread 0x000001cc18adc3c0 5920       3       org.gradle.api.internal.DependencyClassPathProvider$$Lambda/0x000000010089b748::isSatisfiedBy (8 bytes)
Event: 4.509 Thread 0x000001cc18adc3c0 nmethod 5920 0x000001cc04594490 code [0x000001cc04594660, 0x000001cc045949b8]
Event: 4.509 Thread 0x000001cc1d15b490 nmethod 5918 0x000001cc0bf84210 code [0x000001cc0bf843a0, 0x000001cc0bf846f0]
Event: 4.510 Thread 0x000001cc1d15b490 5921       4       java.util.regex.Matcher::match (154 bytes)
Event: 4.514 Thread 0x000001cc1d15b490 nmethod 5921 0x000001cc0c0d1510 code [0x000001cc0c0d16e0, 0x000001cc0c0d1c20]
Event: 4.514 Thread 0x000001cc1d15b490 5922   !   4       java.util.regex.Pattern::matcher (44 bytes)

GC Heap History (20 events):
Event: 0.860 GC heap after
{Heap after GC invocations=2 (full 0):
 garbage-first heap   total 258048K, used 12045K [0x0000000080000000, 0x0000000100000000)
  region size 1024K, 4 young (4096K), 4 survivors (4096K)
 Metaspace       used 12124K, committed 12352K, reserved 1114112K
  class space    used 1273K, committed 1408K, reserved 1048576K
}
Event: 1.231 GC heap before
{Heap before GC invocations=2 (full 0):
 garbage-first heap   total 258048K, used 60173K [0x0000000080000000, 0x0000000100000000)
  region size 1024K, 50 young (51200K), 4 survivors (4096K)
 Metaspace       used 14830K, committed 15040K, reserved 1114112K
  class space    used 1607K, committed 1664K, reserved 1048576K
}
Event: 1.235 GC heap after
{Heap after GC invocations=3 (full 0):
 garbage-first heap   total 258048K, used 18432K [0x0000000080000000, 0x0000000100000000)
  region size 1024K, 7 young (7168K), 7 survivors (7168K)
 Metaspace       used 14830K, committed 15040K, reserved 1114112K
  class space    used 1607K, committed 1664K, reserved 1048576K
}
Event: 1.560 GC heap before
{Heap before GC invocations=3 (full 0):
 garbage-first heap   total 258048K, used 38912K [0x0000000080000000, 0x0000000100000000)
  region size 1024K, 28 young (28672K), 7 survivors (7168K)
 Metaspace       used 21161K, committed 21504K, reserved 1114112K
  class space    used 2423K, committed 2624K, reserved 1048576K
}
Event: 1.564 GC heap after
{Heap after GC invocations=4 (full 0):
 garbage-first heap   total 258048K, used 21313K [0x0000000080000000, 0x0000000100000000)
  region size 1024K, 10 young (10240K), 10 survivors (10240K)
 Metaspace       used 21161K, committed 21504K, reserved 1114112K
  class space    used 2423K, committed 2624K, reserved 1048576K
}
Event: 2.093 GC heap before
{Heap before GC invocations=5 (full 0):
 garbage-first heap   total 71680K, used 70465K [0x0000000080000000, 0x0000000100000000)
  region size 1024K, 59 young (60416K), 10 survivors (10240K)
 Metaspace       used 29499K, committed 30080K, reserved 1114112K
  class space    used 3753K, committed 4032K, reserved 1048576K
}
Event: 2.100 GC heap after
{Heap after GC invocations=6 (full 0):
 garbage-first heap   total 84992K, used 24225K [0x0000000080000000, 0x0000000100000000)
  region size 1024K, 13 young (13312K), 13 survivors (13312K)
 Metaspace       used 29499K, committed 30080K, reserved 1114112K
  class space    used 3753K, committed 4032K, reserved 1048576K
}
Event: 2.478 GC heap before
{Heap before GC invocations=6 (full 0):
 garbage-first heap   total 84992K, used 60065K [0x0000000080000000, 0x0000000100000000)
  region size 1024K, 49 young (50176K), 13 survivors (13312K)
 Metaspace       used 34436K, committed 35392K, reserved 1114112K
  class space    used 4604K, committed 5056K, reserved 1048576K
}
Event: 2.484 GC heap after
{Heap after GC invocations=7 (full 0):
 garbage-first heap   total 84992K, used 26472K [0x0000000080000000, 0x0000000100000000)
  region size 1024K, 6 young (6144K), 6 survivors (6144K)
 Metaspace       used 34436K, committed 35392K, reserved 1114112K
  class space    used 4604K, committed 5056K, reserved 1048576K
}
Event: 2.573 GC heap before
{Heap before GC invocations=7 (full 0):
 garbage-first heap   total 84992K, used 44904K [0x0000000080000000, 0x0000000100000000)
  region size 1024K, 15 young (15360K), 6 survivors (6144K)
 Metaspace       used 35109K, committed 35968K, reserved 1114112K
  class space    used 4711K, committed 5120K, reserved 1048576K
}
Event: 2.577 GC heap after
{Heap after GC invocations=8 (full 0):
 garbage-first heap   total 84992K, used 40935K [0x0000000080000000, 0x0000000100000000)
  region size 1024K, 6 young (6144K), 6 survivors (6144K)
 Metaspace       used 35109K, committed 35968K, reserved 1114112K
  class space    used 4711K, committed 5120K, reserved 1048576K
}
Event: 2.893 GC heap before
{Heap before GC invocations=9 (full 0):
 garbage-first heap   total 84992K, used 71655K [0x0000000080000000, 0x0000000100000000)
  region size 1024K, 36 young (36864K), 6 survivors (6144K)
 Metaspace       used 38704K, committed 39680K, reserved 1114112K
  class space    used 5287K, committed 5760K, reserved 1048576K
}
Event: 2.896 GC heap after
{Heap after GC invocations=10 (full 0):
 garbage-first heap   total 115712K, used 44321K [0x0000000080000000, 0x0000000100000000)
  region size 1024K, 3 young (3072K), 3 survivors (3072K)
 Metaspace       used 38704K, committed 39680K, reserved 1114112K
  class space    used 5287K, committed 5760K, reserved 1048576K
}
Event: 3.410 GC heap before
{Heap before GC invocations=10 (full 0):
 garbage-first heap   total 115712K, used 95521K [0x0000000080000000, 0x0000000100000000)
  region size 1024K, 54 young (55296K), 3 survivors (3072K)
 Metaspace       used 47921K, committed 49216K, reserved 1114112K
  class space    used 6543K, committed 7168K, reserved 1048576K
}
Event: 3.416 GC heap after
{Heap after GC invocations=11 (full 0):
 garbage-first heap   total 115712K, used 48145K [0x0000000080000000, 0x0000000100000000)
  region size 1024K, 7 young (7168K), 7 survivors (7168K)
 Metaspace       used 47921K, committed 49216K, reserved 1114112K
  class space    used 6543K, committed 7168K, reserved 1048576K
}
Event: 3.802 GC heap before
{Heap before GC invocations=11 (full 0):
 garbage-first heap   total 115712K, used 102417K [0x0000000080000000, 0x0000000100000000)
  region size 1024K, 56 young (57344K), 7 survivors (7168K)
 Metaspace       used 52577K, committed 54080K, reserved 1114112K
  class space    used 7043K, committed 7808K, reserved 1048576K
}
Event: 3.807 GC heap after
{Heap after GC invocations=12 (full 0):
 garbage-first heap   total 116736K, used 53233K [0x0000000080000000, 0x0000000100000000)
  region size 1024K, 5 young (5120K), 5 survivors (5120K)
 Metaspace       used 52577K, committed 54080K, reserved 1114112K
  class space    used 7043K, committed 7808K, reserved 1048576K
}
Event: 4.285 GC heap before
{Heap before GC invocations=12 (full 0):
 garbage-first heap   total 116736K, used 101361K [0x0000000080000000, 0x0000000100000000)
  region size 1024K, 52 young (53248K), 5 survivors (5120K)
 Metaspace       used 56490K, committed 58048K, reserved 1114112K
  class space    used 7655K, committed 8448K, reserved 1048576K
}
Event: 4.289 GC heap after
{Heap after GC invocations=13 (full 0):
 garbage-first heap   total 116736K, used 60819K [0x0000000080000000, 0x0000000100000000)
  region size 1024K, 6 young (6144K), 6 survivors (6144K)
 Metaspace       used 56490K, committed 58048K, reserved 1114112K
  class space    used 7655K, committed 8448K, reserved 1048576K
}
Event: 4.516 GC heap before
{Heap before GC invocations=14 (full 0):
 garbage-first heap   total 116736K, used 115091K [0x0000000080000000, 0x0000000100000000)
  region size 1024K, 46 young (47104K), 6 survivors (6144K)
 Metaspace       used 58811K, committed 60352K, reserved 1114112K
  class space    used 7872K, committed 8640K, reserved 1048576K
}

Dll operation events (3 events):
Event: 0.006 Loaded shared library C:\Program Files\Android\Android Studio\jbr\bin\java.dll
Event: 0.011 Loaded shared library C:\Program Files\Android\Android Studio\jbr\bin\zip.dll
Event: 0.527 Loaded shared library C:\Program Files\Android\Android Studio\jbr\bin\verify.dll

Deoptimization events (20 events):
Event: 4.448 Thread 0x000001cc1edff320 DEOPT PACKING pc=0x000001cc0c0a942c sp=0x000000315ecf7ac0
Event: 4.448 Thread 0x000001cc1edff320 DEOPT UNPACKING pc=0x000001cc0ba17da2 sp=0x000000315ecf7990 mode 2
Event: 4.448 Thread 0x000001cc1edff320 Uncommon trap: trap_request=0xffffffbe fr.pc=0x000001cc0c0a942c relative=0x000000000000034c
Event: 4.448 Thread 0x000001cc1edff320 Uncommon trap: reason=profile_predicate action=maybe_recompile pc=0x000001cc0c0a942c method=sun.instrument.TransformerManager.transform(Ljava/lang/Module;Ljava/lang/ClassLoader;Ljava/lang/String;Ljava/lang/Class;Ljava/security/ProtectionDomain;[B)[B @ 21 
Event: 4.448 Thread 0x000001cc1edff320 DEOPT PACKING pc=0x000001cc0c0a942c sp=0x000000315ecf5f70
Event: 4.448 Thread 0x000001cc1edff320 DEOPT UNPACKING pc=0x000001cc0ba17da2 sp=0x000000315ecf5e40 mode 2
Event: 4.452 Thread 0x000001cc1edff320 Uncommon trap: trap_request=0xffffff45 fr.pc=0x000001cc0c1963c8 relative=0x0000000000000228
Event: 4.452 Thread 0x000001cc1edff320 Uncommon trap: reason=unstable_if action=reinterpret pc=0x000001cc0c1963c8 method=java.util.HashMap.putVal(ILjava/lang/Object;Ljava/lang/Object;ZZ)Ljava/lang/Object; @ 162 c2
Event: 4.452 Thread 0x000001cc1edff320 DEOPT PACKING pc=0x000001cc0c1963c8 sp=0x000000315ecf8fe0
Event: 4.452 Thread 0x000001cc1edff320 DEOPT UNPACKING pc=0x000001cc0ba17da2 sp=0x000000315ecf8ef0 mode 2
Event: 4.458 Thread 0x000001cc1edff320 Uncommon trap: trap_request=0xffffffde fr.pc=0x000001cc0c255f90 relative=0x0000000000000070
Event: 4.458 Thread 0x000001cc1edff320 Uncommon trap: reason=class_check action=maybe_recompile pc=0x000001cc0c255f90 method=java.util.stream.StreamOpFlag.fromCharacteristics(Ljava/util/Spliterator;)I @ 14 c2
Event: 4.458 Thread 0x000001cc1edff320 DEOPT PACKING pc=0x000001cc0c255f90 sp=0x000000315ecf8e40
Event: 4.458 Thread 0x000001cc1edff320 DEOPT UNPACKING pc=0x000001cc0ba17da2 sp=0x000000315ecf8dd8 mode 2
Event: 4.488 Thread 0x000001cc1edff320 DEOPT PACKING pc=0x000001cc04bb3ace sp=0x000000315ecf7bd0
Event: 4.488 Thread 0x000001cc1edff320 DEOPT UNPACKING pc=0x000001cc0ba188e2 sp=0x000000315ecf70b8 mode 0
Event: 4.491 Thread 0x000001cc1edff320 DEOPT PACKING pc=0x000001cc04bb3ace sp=0x000000315ecf7bd0
Event: 4.491 Thread 0x000001cc1edff320 DEOPT UNPACKING pc=0x000001cc0ba188e2 sp=0x000000315ecf70b8 mode 0
Event: 4.498 Thread 0x000001cc1edff320 DEOPT PACKING pc=0x000001cc046fe1d3 sp=0x000000315ecf7fe0
Event: 4.498 Thread 0x000001cc1edff320 DEOPT UNPACKING pc=0x000001cc0ba188e2 sp=0x000000315ecf7458 mode 0

Classes loaded (20 events):
Event: 4.326 Loading class java/lang/ClassBeanInfo
Event: 4.326 Loading class java/lang/ClassBeanInfo done
Event: 4.327 Loading class java/lang/ClassBeanInfo
Event: 4.327 Loading class java/lang/ClassBeanInfo done
Event: 4.327 Loading class java/lang/ClassCustomizer
Event: 4.327 Loading class java/lang/ClassCustomizer done
Event: 4.327 Loading class java/lang/ClassCustomizer
Event: 4.327 Loading class java/lang/ClassCustomizer done
Event: 4.327 Loading class sun/reflect/generics/tree/BooleanSignature
Event: 4.328 Loading class sun/reflect/generics/tree/BooleanSignature done
Event: 4.328 Loading class sun/reflect/generics/reflectiveObjects/GenericArrayTypeImpl
Event: 4.328 Loading class sun/reflect/generics/reflectiveObjects/GenericArrayTypeImpl done
Event: 4.330 Loading class jdk/internal/vm/annotation/ForceInline
Event: 4.330 Loading class jdk/internal/vm/annotation/ForceInline done
Event: 4.458 Loading class java/util/BitSet$1BitSetSpliterator
Event: 4.458 Loading class java/util/BitSet$1BitSetSpliterator done
Event: 4.468 Loading class java/util/Collections$SynchronizedRandomAccessList
Event: 4.468 Loading class java/util/Collections$SynchronizedList
Event: 4.468 Loading class java/util/Collections$SynchronizedList done
Event: 4.468 Loading class java/util/Collections$SynchronizedRandomAccessList done

Classes unloaded (0 events):
No events

Classes redefined (0 events):
No events

Internal exceptions (20 events):
Event: 4.332 Thread 0x000001cc1edff320 Implicit null exception at 0x000001cc0c1cecfc to 0x000001cc0c1cf770
Event: 4.334 Thread 0x000001cc1edff320 Exception <a 'java/lang/ClassNotFoundException'{0x000000008e4c84a0}: org/gradle/tooling/provider/model/internal/DefaultToolingModelBuilderRegistryBeanInfo> (0x000000008e4c84a0) 
thrown [s\src\hotspot\share\classfile\systemDictionary.cpp, line 312]
Event: 4.335 Thread 0x000001cc1edff320 Exception <a 'java/lang/ClassNotFoundException'{0x000000008e4dcc78}: org/gradle/tooling/provider/model/internal/DefaultToolingModelBuilderRegistryCustomizer> (0x000000008e4dcc78) 
thrown [s\src\hotspot\share\classfile\systemDictionary.cpp, line 312]
Event: 4.339 Thread 0x000001cc1edff320 Exception <a 'java/lang/ClassNotFoundException'{0x000000008e33ae78}: org/gradle/internal/service/ScopedServiceRegistryBeanInfo> (0x000000008e33ae78) 
thrown [s\src\hotspot\share\classfile\systemDictionary.cpp, line 312]
Event: 4.340 Thread 0x000001cc1edff320 Exception <a 'java/lang/ClassNotFoundException'{0x000000008e34ee10}: org/gradle/internal/service/DefaultServiceRegistryBeanInfo> (0x000000008e34ee10) 
thrown [s\src\hotspot\share\classfile\systemDictionary.cpp, line 312]
Event: 4.340 Thread 0x000001cc1edff320 Exception <a 'java/lang/ClassNotFoundException'{0x000000008e362dc0}: org/gradle/internal/service/DefaultServiceRegistryCustomizer> (0x000000008e362dc0) 
thrown [s\src\hotspot\share\classfile\systemDictionary.cpp, line 312]
Event: 4.341 Thread 0x000001cc1edff320 Exception <a 'java/lang/ClassNotFoundException'{0x000000008e385640}: org/gradle/internal/service/ScopedServiceRegistryCustomizer> (0x000000008e385640) 
thrown [s\src\hotspot\share\classfile\systemDictionary.cpp, line 312]
Event: 4.345 Thread 0x000001cc1edff320 Exception <a 'java/lang/ClassNotFoundException'{0x000000008e3ce578}: org/gradle/internal/extensibility/DefaultConventionBeanInfo> (0x000000008e3ce578) 
thrown [s\src\hotspot\share\classfile\systemDictionary.cpp, line 312]
Event: 4.345 Thread 0x000001cc1edff320 Exception <a 'java/lang/ClassNotFoundException'{0x000000008e3e2548}: org/gradle/internal/extensibility/DefaultConventionCustomizer> (0x000000008e3e2548) 
thrown [s\src\hotspot\share\classfile\systemDictionary.cpp, line 312]
Event: 4.352 Thread 0x000001cc1edff320 Exception <a 'java/lang/ClassNotFoundException'{0x000000008e278ae8}: com/intellij/gradle/toolingExtension/impl/modelBuilder/ExtraModelBuilderBeanInfo> (0x000000008e278ae8) 
thrown [s\src\hotspot\share\classfile\systemDictionary.cpp, line 312]
Event: 4.353 Thread 0x000001cc1edff320 Exception <a 'java/lang/ClassNotFoundException'{0x000000008e2848b8}: com/intellij/gradle/toolingExtension/impl/modelBuilder/ExtraModelBuilderCustomizer> (0x000000008e2848b8) 
thrown [s\src\hotspot\share\classfile\systemDictionary.cpp, line 312]
Event: 4.460 Thread 0x000001cc1edff320 Exception <a 'java/lang/IncompatibleClassChangeError'{0x0000000086159a70}: Found class java.lang.Object, but interface was expected> (0x0000000086159a70) 
thrown [s\src\hotspot\share\interpreter\linkResolver.cpp, line 851]
Event: 4.463 Thread 0x000001cc1edff320 Exception <a 'sun/nio/fs/WindowsException'{0x000000008618ffc0}> (0x000000008618ffc0) 
thrown [s\src\hotspot\share\prims\jni.cpp, line 535]
Event: 4.464 Thread 0x000001cc1edff320 Exception <a 'sun/nio/fs/WindowsException'{0x00000000861917d0}> (0x00000000861917d0) 
thrown [s\src\hotspot\share\prims\jni.cpp, line 535]
Event: 4.464 Thread 0x000001cc1edff320 Exception <a 'sun/nio/fs/WindowsException'{0x0000000086192fa8}> (0x0000000086192fa8) 
thrown [s\src\hotspot\share\prims\jni.cpp, line 535]
Event: 4.464 Thread 0x000001cc1edff320 Exception <a 'sun/nio/fs/WindowsException'{0x0000000086194798}> (0x0000000086194798) 
thrown [s\src\hotspot\share\prims\jni.cpp, line 535]
Event: 4.465 Thread 0x000001cc1edff320 Exception <a 'java/lang/NoSuchMethodError'{0x00000000861a5498}: 'java.lang.Object java.lang.invoke.Invokers$Holder.invoker(java.lang.Object, java.lang.Object, java.lang.Object, java.lang.Object, java.lang.Object, java.lang.Object)'> (0x00000000861a5498) 
thrown [s\src\hotspot\share\interpreter\linkResolver.cpp, line 784]
Event: 4.472 Thread 0x000001cc1edff320 Exception <a 'java/lang/NoSuchMethodError'{0x000000008609b0d8}: 'java.lang.Object java.lang.invoke.Invokers$Holder.invoker(java.lang.Object, java.lang.Object, java.lang.Object, java.lang.Object, java.lang.Object)'> (0x000000008609b0d8) 
thrown [s\src\hotspot\share\interpreter\linkResolver.cpp, line 784]
Event: 4.473 Thread 0x000001cc1edff320 Exception <a 'java/lang/NoSuchMethodError'{0x00000000860bb8b0}: 'java.lang.Object java.lang.invoke.Invokers$Holder.invoker(java.lang.Object, java.lang.Object, java.lang.Object, java.lang.Object, java.lang.Object, java.lang.Object, java.lang.Object, java.lang.Object, java.lang.Object, java.lang.Object, java.lang.Object, java.lang.Object, java.lang.Object, java.lang.Object, java.lang.Object, java.lang.Object, java.lang.Object, java.lang.Object, java.lang.Object, java.lang.Object, java.lang.Object, java.lang.
Event: 4.473 Thread 0x000001cc1edff320 Exception <a 'java/lang/NoSuchMethodError'{0x00000000860c2120}: 'java.lang.Object java.lang.invoke.DelegatingMethodHandle$Holder.delegate(java.lang.Object, java.lang.Object, java.lang.Object, java.lang.Object, java.lang.Object, java.lang.Object, java.lang.Object, java.lang.Object, java.lang.Object, java.lang.Object, java.lang.Object, java.lang.Object, java.lang.Object, java.lang.Object, java.lang.Object, java.lang.Object, java.lang.Object, java.lang.Object, java.lang.Object, java.lang.Object, java.lang.Obj

ZGC Phase Switch (0 events):
No events

VM Operations (20 events):
Event: 3.631 Executing VM operation: ICBufferFull done
Event: 3.738 Executing VM operation: HandshakeAllThreads (Deoptimize)
Event: 3.738 Executing VM operation: HandshakeAllThreads (Deoptimize) done
Event: 3.785 Executing VM operation: HandshakeAllThreads (Deoptimize)
Event: 3.785 Executing VM operation: HandshakeAllThreads (Deoptimize) done
Event: 3.802 Executing VM operation: G1CollectForAllocation (G1 Evacuation Pause)
Event: 3.807 Executing VM operation: G1CollectForAllocation (G1 Evacuation Pause) done
Event: 4.032 Executing VM operation: HandshakeAllThreads (Deoptimize)
Event: 4.033 Executing VM operation: HandshakeAllThreads (Deoptimize) done
Event: 4.167 Executing VM operation: ICBufferFull
Event: 4.167 Executing VM operation: ICBufferFull done
Event: 4.285 Executing VM operation: G1TryInitiateConcMark (G1 Humongous Allocation)
Event: 4.290 Executing VM operation: G1TryInitiateConcMark (G1 Humongous Allocation) done
Event: 4.307 Executing VM operation: G1PauseRemark
Event: 4.309 Executing VM operation: G1PauseRemark done
Event: 4.317 Executing VM operation: G1PauseCleanup
Event: 4.317 Executing VM operation: G1PauseCleanup done
Event: 4.337 Executing VM operation: HandshakeAllThreads (Deoptimize)
Event: 4.337 Executing VM operation: HandshakeAllThreads (Deoptimize) done
Event: 4.516 Executing VM operation: G1CollectForAllocation (G1 Evacuation Pause)

Memory protections (0 events):
No events

Nmethod flushes (20 events):
Event: 4.308 Thread 0x000001cc188be670 flushing  nmethod 0x000001cc049da810
Event: 4.308 Thread 0x000001cc188be670 flushing  nmethod 0x000001cc0c02a290
Event: 4.308 Thread 0x000001cc188be670 flushing  nmethod 0x000001cc0c0ba810
Event: 4.308 Thread 0x000001cc188be670 flushing  nmethod 0x000001cc044c2c10
Event: 4.308 Thread 0x000001cc188be670 flushing  nmethod 0x000001cc044d2990
Event: 4.309 Thread 0x000001cc188be670 flushing  nmethod 0x000001cc0453ca90
Event: 4.309 Thread 0x000001cc188be670 flushing  nmethod 0x000001cc0453d210
Event: 4.309 Thread 0x000001cc188be670 flushing  nmethod 0x000001cc04575a90
Event: 4.309 Thread 0x000001cc188be670 flushing  nmethod 0x000001cc04582010
Event: 4.309 Thread 0x000001cc188be670 flushing  nmethod 0x000001cc045ebb10
Event: 4.309 Thread 0x000001cc188be670 flushing  nmethod 0x000001cc045ec310
Event: 4.309 Thread 0x000001cc188be670 flushing  nmethod 0x000001cc045ec690
Event: 4.309 Thread 0x000001cc188be670 flushing  nmethod 0x000001cc045edd10
Event: 4.309 Thread 0x000001cc188be670 flushing  nmethod 0x000001cc045f2110
Event: 4.309 Thread 0x000001cc188be670 flushing  nmethod 0x000001cc04655a10
Event: 4.309 Thread 0x000001cc188be670 flushing  nmethod 0x000001cc0465a590
Event: 4.309 Thread 0x000001cc188be670 flushing  nmethod 0x000001cc0465cf10
Event: 4.309 Thread 0x000001cc188be670 flushing  nmethod 0x000001cc0485b790
Event: 4.309 Thread 0x000001cc188be670 flushing  nmethod 0x000001cc04897210
Event: 4.309 Thread 0x000001cc188be670 flushing  nmethod 0x000001cc04900390

Events (20 events):
Event: 2.971 Thread 0x000001cc1edff320 Thread added: 0x000001cc237cc0c0
Event: 3.029 Thread 0x000001cc1edff320 Thread added: 0x000001cc237ceeb0
Event: 4.058 Thread 0x000001cc1edff320 Thread added: 0x000001cc237d0260
Event: 4.059 Thread 0x000001cc1edff320 Thread added: 0x000001cc237c92d0
Event: 4.085 Thread 0x000001cc1edff320 Thread added: 0x000001cc22dd6500
Event: 4.086 Thread 0x000001cc1edff320 Thread added: 0x000001cc22dd5150
Event: 4.194 Thread 0x000001cc1edff320 Thread added: 0x000001cc22dd57e0
Event: 4.195 Thread 0x000001cc1edff320 Thread added: 0x000001cc22dd3080
Event: 4.195 Thread 0x000001cc1edff320 Thread added: 0x000001cc22dd3710
Event: 4.195 Thread 0x000001cc1edff320 Thread added: 0x000001cc22dd3da0
Event: 4.196 Thread 0x000001cc1edff320 Thread added: 0x000001cc22dd4430
Event: 4.196 Thread 0x000001cc1edff320 Thread added: 0x000001cc22dd4ac0
Event: 4.197 Thread 0x000001cc1edff320 Thread added: 0x000001cc22dd5e70
Event: 4.211 Thread 0x000001cc1edff320 Thread added: 0x000001cc1f4bcfa0
Event: 4.211 Thread 0x000001cc1edff320 Thread added: 0x000001cc1f4be350
Event: 4.211 Thread 0x000001cc1edff320 Thread added: 0x000001cc1f4b9b20
Event: 4.212 Thread 0x000001cc1edff320 Thread added: 0x000001cc1f4bb560
Event: 4.212 Thread 0x000001cc1edff320 Thread added: 0x000001cc1f4bc910
Event: 4.212 Thread 0x000001cc1edff320 Thread added: 0x000001cc1f4be9e0
Event: 4.213 Thread 0x000001cc1edff320 Thread added: 0x000001cc1f4bd630


Dynamic libraries:
0x00007ff707760000 - 0x00007ff70776a000 	C:\Program Files\Android\Android Studio\jbr\bin\java.exe
0x00007ffd79170000 - 0x00007ffd79368000 	C:\windows\SYSTEM32\ntdll.dll
0x00007ffd78f30000 - 0x00007ffd78ff2000 	C:\windows\System32\KERNEL32.DLL
0x00007ffd76ba0000 - 0x00007ffd76e9f000 	C:\windows\System32\KERNELBASE.dll
0x00007ffd76f40000 - 0x00007ffd77040000 	C:\windows\System32\ucrtbase.dll
0x00007ffd6a0f0000 - 0x00007ffd6a10b000 	C:\Program Files\Android\Android Studio\jbr\bin\VCRUNTIME140.dll
0x00007ffd42f60000 - 0x00007ffd42f78000 	C:\Program Files\Android\Android Studio\jbr\bin\jli.dll
0x00007ffd77fd0000 - 0x00007ffd7816d000 	C:\windows\System32\USER32.dll
0x00007ffd75e90000 - 0x00007ffd7612a000 	C:\windows\WinSxS\amd64_microsoft.windows.common-controls_6595b64144ccf1df_6.0.19041.4355_none_60b8b9eb71f62e16\COMCTL32.dll
0x00007ffd77040000 - 0x00007ffd77062000 	C:\windows\System32\win32u.dll
0x00007ffd78a50000 - 0x00007ffd78aee000 	C:\windows\System32\msvcrt.dll
0x00007ffd78d10000 - 0x00007ffd78d3b000 	C:\windows\System32\GDI32.dll
0x00007ffd77070000 - 0x00007ffd7718a000 	C:\windows\System32\gdi32full.dll
0x00007ffd76ea0000 - 0x00007ffd76f3d000 	C:\windows\System32\msvcp_win.dll
0x00007ffd77af0000 - 0x00007ffd77b1f000 	C:\windows\System32\IMM32.DLL
0x00007ffd6e250000 - 0x00007ffd6e25c000 	C:\Program Files\Android\Android Studio\jbr\bin\vcruntime140_1.dll
0x00007ffd2fe80000 - 0x00007ffd2ff0d000 	C:\Program Files\Android\Android Studio\jbr\bin\msvcp140.dll
0x00007ffcdc860000 - 0x00007ffcdd4e3000 	C:\Program Files\Android\Android Studio\jbr\bin\server\jvm.dll
0x00007ffd78820000 - 0x00007ffd788cf000 	C:\windows\System32\ADVAPI32.dll
0x00007ffd788e0000 - 0x00007ffd7897f000 	C:\windows\System32\sechost.dll
0x00007ffd78da0000 - 0x00007ffd78ec3000 	C:\windows\System32\RPCRT4.dll
0x00007ffd76b70000 - 0x00007ffd76b97000 	C:\windows\System32\bcrypt.dll
0x00007ffd78ca0000 - 0x00007ffd78d0b000 	C:\windows\System32\WS2_32.dll
0x00007ffd76400000 - 0x00007ffd7644b000 	C:\windows\SYSTEM32\POWRPROF.dll
0x00007ffd6b610000 - 0x00007ffd6b61a000 	C:\windows\SYSTEM32\VERSION.dll
0x00007ffd61210000 - 0x00007ffd61237000 	C:\windows\SYSTEM32\WINMM.dll
0x00007ffd76130000 - 0x00007ffd76142000 	C:\windows\SYSTEM32\UMPDC.dll
0x00007ffd747d0000 - 0x00007ffd747e2000 	C:\windows\SYSTEM32\kernel.appcore.dll
0x00007ffd6b640000 - 0x00007ffd6b64a000 	C:\Program Files\Android\Android Studio\jbr\bin\jimage.dll
0x00007ffd76210000 - 0x00007ffd763f4000 	C:\windows\SYSTEM32\DBGHELP.DLL
0x00007ffd76150000 - 0x00007ffd76184000 	C:\windows\SYSTEM32\dbgcore.DLL
0x00007ffd76980000 - 0x00007ffd76a02000 	C:\windows\System32\bcryptPrimitives.dll
0x00007ffd6e290000 - 0x00007ffd6e29e000 	C:\Program Files\Android\Android Studio\jbr\bin\instrument.dll
0x00007ffd545d0000 - 0x00007ffd545f0000 	C:\Program Files\Android\Android Studio\jbr\bin\java.dll
0x00007ffd519d0000 - 0x00007ffd519e8000 	C:\Program Files\Android\Android Studio\jbr\bin\zip.dll
0x00007ffd77190000 - 0x00007ffd778fd000 	C:\windows\System32\SHELL32.dll
0x00007ffd73fd0000 - 0x00007ffd74774000 	C:\windows\SYSTEM32\windows.storage.dll
0x00007ffd77b30000 - 0x00007ffd77e85000 	C:\windows\System32\combase.dll
0x00007ffd75a50000 - 0x00007ffd75a7b000 	C:\windows\SYSTEM32\Wldp.dll
0x00007ffd78980000 - 0x00007ffd78a4d000 	C:\windows\System32\OLEAUT32.dll
0x00007ffd77e90000 - 0x00007ffd77f3d000 	C:\windows\System32\SHCORE.dll
0x00007ffd77900000 - 0x00007ffd77955000 	C:\windows\System32\shlwapi.dll
0x00007ffd76740000 - 0x00007ffd76765000 	C:\windows\SYSTEM32\profapi.dll
0x00007ffd6b480000 - 0x00007ffd6b490000 	C:\Program Files\Android\Android Studio\jbr\bin\net.dll
0x00007ffd6ffd0000 - 0x00007ffd700da000 	C:\windows\SYSTEM32\WINHTTP.dll
0x00007ffd75830000 - 0x00007ffd7589c000 	C:\windows\system32\mswsock.dll
0x00007ffd519b0000 - 0x00007ffd519c6000 	C:\Program Files\Android\Android Studio\jbr\bin\nio.dll
0x00007ffd520f0000 - 0x00007ffd52100000 	C:\Program Files\Android\Android Studio\jbr\bin\verify.dll
0x00007ffd51ee0000 - 0x00007ffd51f07000 	C:\Users\axel.romfelt\.gradle\native\c067742578af261105cb4f569cf0c3c89f3d7b1fecec35dd04571415982c5e48\windows-amd64\native-platform.dll
0x00007ffd285e0000 - 0x00007ffd28724000 	C:\Users\axel.romfelt\.gradle\native\100fb08df4bc3b14c8652ba06237920a3bd2aa13389f12d3474272988ae205f9\windows-amd64\native-platform-file-events.dll
0x00007ffd69840000 - 0x00007ffd69849000 	C:\Program Files\Android\Android Studio\jbr\bin\management.dll
0x00007ffd53e10000 - 0x00007ffd53e1b000 	C:\Program Files\Android\Android Studio\jbr\bin\management_ext.dll
0x00007ffd77960000 - 0x00007ffd77968000 	C:\windows\System32\PSAPI.DLL
0x00007ffd76580000 - 0x00007ffd76598000 	C:\windows\SYSTEM32\CRYPTSP.dll
0x00007ffd751d0000 - 0x00007ffd75208000 	C:\windows\system32\rsaenh.dll
0x00007ffd766c0000 - 0x00007ffd766ee000 	C:\windows\SYSTEM32\USERENV.dll
0x00007ffd759c0000 - 0x00007ffd759cc000 	C:\windows\SYSTEM32\CRYPTBASE.dll
0x00007ffd75530000 - 0x00007ffd7556b000 	C:\windows\SYSTEM32\IPHLPAPI.DLL
0x00007ffd788d0000 - 0x00007ffd788d8000 	C:\windows\System32\NSI.dll
0x00007ffd6a0d0000 - 0x00007ffd6a0d9000 	C:\Program Files\Android\Android Studio\jbr\bin\extnet.dll
0x00007ffd6a160000 - 0x00007ffd6a167000 	C:\windows\system32\wshunix.dll

dbghelp: loaded successfully - version: 4.0.5 - missing functions: none
symbol engine: initialized successfully - sym options: 0x614 - pdb path: .;C:\Program Files\Android\Android Studio\jbr\bin;C:\windows\SYSTEM32;C:\windows\WinSxS\amd64_microsoft.windows.common-controls_6595b64144ccf1df_6.0.19041.4355_none_60b8b9eb71f62e16;C:\Program Files\Android\Android Studio\jbr\bin\server;C:\Users\axel.romfelt\.gradle\native\c067742578af261105cb4f569cf0c3c89f3d7b1fecec35dd04571415982c5e48\windows-amd64;C:\Users\axel.romfelt\.gradle\native\100fb08df4bc3b14c8652ba06237920a3bd2aa13389f12d3474272988ae205f9\windows-amd64

VM Arguments:
jvm_args: --add-opens=java.base/java.util=ALL-UNNAMED --add-opens=java.base/java.lang=ALL-UNNAMED --add-opens=java.base/java.lang.invoke=ALL-UNNAMED --add-opens=java.prefs/java.util.prefs=ALL-UNNAMED --add-exports=jdk.compiler/com.sun.tools.javac.api=ALL-UNNAMED --add-exports=jdk.compiler/com.sun.tools.javac.util=ALL-UNNAMED --add-opens=java.base/java.nio.charset=ALL-UNNAMED --add-opens=java.base/java.net=ALL-UNNAMED --add-opens=java.base/java.util.concurrent.atomic=ALL-UNNAMED -Xmx2048m -Dfile.encoding=UTF-8 -Duser.country=US -Duser.language=en -Duser.variant -javaagent:C:\Users\axel.romfelt\.gradle\wrapper\dists\gradle-8.10.2-bin\a04bxjujx95o3nb99gddekhwo\gradle-8.10.2\lib\agents\gradle-instrumentation-agent-8.10.2.jar 
java_command: org.gradle.launcher.daemon.bootstrap.GradleDaemon 8.10.2
java_class_path (initial): C:\Users\axel.romfelt\.gradle\wrapper\dists\gradle-8.10.2-bin\a04bxjujx95o3nb99gddekhwo\gradle-8.10.2\lib\gradle-daemon-main-8.10.2.jar
Launcher Type: SUN_STANDARD

[Global flags]
     intx CICompilerCount                          = 4                                         {product} {ergonomic}
     uint ConcGCThreads                            = 2                                         {product} {ergonomic}
     uint G1ConcRefinementThreads                  = 8                                         {product} {ergonomic}
   size_t G1HeapRegionSize                         = 1048576                                   {product} {ergonomic}
    uintx GCDrainStackTargetSize                   = 64                                        {product} {ergonomic}
   size_t InitialHeapSize                          = 264241152                                 {product} {ergonomic}
   size_t MarkStackSize                            = 4194304                                   {product} {ergonomic}
   size_t MaxHeapSize                              = 2147483648                                {product} {command line}
   size_t MaxNewSize                               = 1287651328                                {product} {ergonomic}
   size_t MinHeapDeltaBytes                        = 1048576                                   {product} {ergonomic}
   size_t MinHeapSize                              = 8388608                                   {product} {ergonomic}
    uintx NonNMethodCodeHeapSize                   = 5839372                                {pd product} {ergonomic}
    uintx NonProfiledCodeHeapSize                  = 122909434                              {pd product} {ergonomic}
    uintx ProfiledCodeHeapSize                     = 122909434                              {pd product} {ergonomic}
    uintx ReservedCodeCacheSize                    = 251658240                              {pd product} {ergonomic}
     bool SegmentedCodeCache                       = true                                      {product} {ergonomic}
   size_t SoftMaxHeapSize                          = 2147483648                             {manageable} {ergonomic}
     bool UseCompressedOops                        = true                           {product lp64_product} {ergonomic}
     bool UseG1GC                                  = true                                      {product} {ergonomic}
     bool UseLargePagesIndividualAllocation        = false                                  {pd product} {ergonomic}

Logging:
Log output configuration:
 #0: stdout all=warning uptime,level,tags foldmultilines=false
 #1: stderr all=off uptime,level,tags foldmultilines=false

Environment Variables:
PATH=C:\Program Files\Eclipse Adoptium\jdk-17.0.14.7-hotspot\bin;C:\Python313\Scripts\;C:\Python313\;C:\Program Files\Common Files\Oracle\Java\javapath;C:\Program Files (x86)\Common Files\Oracle\Java\javapath;C:\windows\system32;C:\windows;C:\windows\System32\Wbem;C:\windows\System32\WindowsPowerShell\v1.0\;C:\windows\System32\OpenSSH\;C:\Program Files\Git\cmd;C:\Program Files\Microsoft SQL Server\150\Tools\Binn\;C:\Program Files\dotnet\;C:\Program Files\Microsoft VS Code\bin;C:\Program Files (x86)\NVIDIA Corporation\PhysX\Common;C:\Program Files\Microsoft SQL Server\120\Tools\Binn\;C:\Program Files\GitHub CLI\;C:\Program Files\MPG123\;C:\ProgramData\chocolatey\bin;C:\Program Files\nodejs\;C:\Program Files\Remote.It\resources;C:\Users\axel.romfelt\AppData\Local\Programs\Python\Python39\Scripts\;C:\Users\axel.romfelt\AppData\Local\Programs\Python\Python39\;C:\Users\axel.romfelt\.cargo\bin;C:\Users\axel.romfelt\AppData\Local\Programs\Python\Python311\Scripts\;C:\Users\axel.romfelt\AppData\Local\Programs\Python\Python311\;C:\Users\axel.romfelt\AppData\Local\Microsoft\WindowsApps;C:\msys64\ucrt64\bin;C:\Users\axel.romfelt\.dotnet\tools;C:\Users\axel.romfelt\AppData\Local\GitHubDesktop\bin;C:\Users\axel.romfelt\AppData\Local\Microsoft\WinGet\Packages\Gyan.FFmpeg_Microsoft.Winget.Source_8wekyb3d8bbwe\ffmpeg-7.0-full_build\bin;C:\Users\axel.romfelt\.dotnet\tools;C:\Users\axel.romfelt\AppData\Roaming\Python\Python313\Scripts;C:\Users\axel.romfelt\AppData\Roaming\npm;C:\Users\axel.romfelt\AppData\Local\Programs\Espanso;C:\Users\axel.romfelt\AppData\Local\Microsoft\WinGet\Packages\Rizin.Cutter_Microsoft.Winget.Source_8wekyb3d8bbwe\Cutter-v2.3.4-Windows-x86_64
USERNAME=axel.romfelt
OS=Windows_NT
PROCESSOR_IDENTIFIER=Intel64 Family 6 Model 140 Stepping 1, GenuineIntel
TMP=C:\Users\AXEL~1.ROM\AppData\Local\Temp
TEMP=C:\Users\AXEL~1.ROM\AppData\Local\Temp




Periodic native trim disabled

JNI global refs:
JNI global refs: 26, weak refs: 0

JNI global refs memory usage: 835, weak refs: 833

Process memory usage:
Resident Set Size: 340448K (2% of 16449800K total physical memory with 738484K free physical memory)

OOME stack traces (most recent first):
Classloader memory used:
Loader org.gradle.internal.classloader.VisitableURLClassLoader                         : 27752K
Loader bootstrap                                                                       : 22349K
Loader org.gradle.initialization.MixInLegacyTypesClassLoader                           : 6401K
Loader org.gradle.internal.classloader.VisitableURLClassLoader                         : 715K
Loader org.gradle.internal.classloader.VisitableURLClassLoader$InstrumentingVisitableURLClassLoader: 567K
Loader jdk.internal.loader.ClassLoaders$PlatformClassLoader                            : 495K
Loader jdk.internal.loader.ClassLoaders$AppClassLoader                                 : 234K
Loader jdk.internal.reflect.DelegatingClassLoader                                      : 160K
Loader org.gradle.groovy.scripts.internal.DefaultScriptCompilationHandler$ScriptClassLoader: 88912B
Loader org.codehaus.groovy.runtime.callsite.CallSiteClassLoader                        : 49592B

Classes loaded by more than one classloader:
Class org.gradle.api.GradleException                                                  : loaded 3 times (x 78B)
Class org.gradle.internal.classloader.ClassLoaderHierarchy                            : loaded 2 times (x 66B)
Class org.gradle.api.internal.classpath.ManifestUtil                                  : loaded 2 times (x 67B)
Class org.gradle.internal.operations.MultipleBuildOperationFailures                   : loaded 2 times (x 91B)
Class org.gradle.internal.classloader.DefaultClassLoaderFactory                       : loaded 2 times (x 78B)
Class kotlin.collections.AbstractList$Companion                                       : loaded 2 times (x 67B)
Class org.gradle.internal.classloader.ClassLoaderVisitor                              : loaded 2 times (x 72B)
Class org.gradle.api.internal.classpath.EffectiveClassPath                            : loaded 2 times (x 86B)
Class org.gradle.api.internal.DefaultClassPathProvider                                : loaded 2 times (x 72B)
Class [Lorg.gradle.api.internal.ClassPathProvider;                                    : loaded 2 times (x 65B)
Class org.gradle.api.internal.ClassPathProvider                                       : loaded 2 times (x 66B)
Class org.gradle.internal.service.UnknownServiceException                             : loaded 2 times (x 79B)
Class ijInit1_cepgb2tqzmuff1chh3ppphbjv                                               : loaded 2 times (x 175B)
Class org.gradle.internal.classpath.TransformedClassPath                              : loaded 2 times (x 92B)
Class org.gradle.internal.classloader.InstrumentingClassLoader                        : loaded 2 times (x 66B)
Class kotlin.enums.EnumEntriesList                                                    : loaded 2 times (x 219B)
Class org.gradle.internal.service.ServiceLocator                                      : loaded 2 times (x 66B)
Class org.gradle.internal.InternalTransformer                                         : loaded 2 times (x 66B)
Class org.gradle.internal.time.DefaultTimer                                           : loaded 2 times (x 76B)
Class org.gradle.internal.classloader.ClasspathUtil$1                                 : loaded 2 times (x 72B)
Class org.gradle.api.internal.classpath.DefaultModuleRegistry$DefaultModule           : loaded 2 times (x 82B)
Class org.gradle.internal.time.DefaultCountdownTimer                                  : loaded 2 times (x 84B)
Class kotlin.Function                                                                 : loaded 2 times (x 66B)
Class org.gradle.api.internal.classpath.Module                                        : loaded 2 times (x 66B)
Class org.gradle.api.internal.classpath.UnknownModuleException                        : loaded 2 times (x 78B)
Class org.gradle.api.internal.DefaultClassPathRegistry                                : loaded 2 times (x 72B)
Class org.gradle.api.internal.ClassPathRegistry                                       : loaded 2 times (x 66B)
Class org.gradle.internal.classpath.DefaultClassPath$ImmutableUniqueList              : loaded 2 times (x 195B)
Class org.gradle.internal.classpath.ClassPath                                         : loaded 2 times (x 66B)
Class org.gradle.api.UncheckedIOException                                             : loaded 2 times (x 78B)
Class kotlin.UninitializedPropertyAccessException                                     : loaded 2 times (x 78B)
Class org.gradle.internal.installation.GradleInstallation$1                           : loaded 2 times (x 71B)
Class org.gradle.api.internal.classpath.ModuleRegistry                                : loaded 2 times (x 66B)
Class org.gradle.api.internal.classpath.DefaultModuleRegistry                         : loaded 2 times (x 82B)
Class org.gradle.internal.time.MonotonicClock                                         : loaded 2 times (x 73B)
Class org.gradle.internal.service.ServiceLookupException                              : loaded 2 times (x 78B)
Class org.gradle.internal.classloader.ClassLoaderFactory                              : loaded 2 times (x 66B)
Class org.gradle.internal.service.CachingServiceLocator                               : loaded 2 times (x 78B)
Class sync_studio_tooling11_ex9h1cordhcek0jsmsen53684                                 : loaded 2 times (x 175B)
Class org.gradle.internal.time.TimeSource                                             : loaded 2 times (x 66B)
Class kotlin.enums.EnumEntries                                                        : loaded 2 times (x 66B)
Class org.gradle.internal.exceptions.ResolutionProvider                               : loaded 2 times (x 66B)
Class org.gradle.internal.classloader.ClasspathUtil                                   : loaded 2 times (x 67B)
Class org.gradle.internal.time.TimeSource$1                                           : loaded 2 times (x 73B)
Class org.gradle.api.specs.Spec                                                       : loaded 2 times (x 66B)
Class org.gradle.internal.time.Clock                                                  : loaded 2 times (x 66B)
Class kotlin.collections.AbstractList                                                 : loaded 2 times (x 193B)
Class kotlin.collections.AbstractCollection                                           : loaded 2 times (x 113B)
Class org.gradle.internal.classloader.VisitableURLClassLoader$InstrumentingVisitableURLClassLoader: loaded 2 times (x 119B)
Class org.gradle.internal.classloader.VisitableURLClassLoader$Spec                    : loaded 2 times (x 70B)
Class org.gradle.internal.classpath.DefaultClassPath                                  : loaded 2 times (x 86B)
Class org.gradle.internal.classloader.ClassLoaderSpec                                 : loaded 2 times (x 67B)
Class org.gradle.internal.classloader.VisitableURLClassLoader                         : loaded 2 times (x 113B)
Class org.gradle.internal.Cast                                                        : loaded 2 times (x 67B)
Class org.gradle.api.Action                                                           : loaded 2 times (x 66B)
Class kotlin.jvm.functions.Function1                                                  : loaded 2 times (x 66B)
Class org.gradle.internal.classpath.DefaultClassPath$ImmutableUniqueList$Builder      : loaded 2 times (x 71B)
Class org.gradle.internal.classloader.FilteringClassLoader                            : loaded 2 times (x 101B)
Class org.gradle.internal.exceptions.NonGradleCauseExceptionsHolder                   : loaded 2 times (x 66B)
Class kotlin.enums.EnumEntriesKt                                                      : loaded 2 times (x 67B)
Class org.gradle.internal.IoActions                                                   : loaded 2 times (x 67B)
Class org.gradle.internal.classloader.SystemClassLoaderSpec                           : loaded 2 times (x 67B)
Class org.gradle.internal.exceptions.MultiCauseException                              : loaded 2 times (x 66B)
Class org.gradle.internal.time.CountdownTimer                                         : loaded 2 times (x 66B)
Class kotlin.jvm.internal.Intrinsics                                                  : loaded 2 times (x 67B)
Class org.gradle.tooling.model.ProjectModel                                           : loaded 2 times (x 66B)
Class kotlin.KotlinNullPointerException                                               : loaded 2 times (x 79B)
Class org.gradle.internal.exceptions.DefaultMultiCauseException                       : loaded 2 times (x 91B)
Class org.gradle.internal.time.Time                                                   : loaded 2 times (x 67B)
Class org.gradle.api.internal.classpath.GlobalCacheRootsProvider                      : loaded 2 times (x 66B)
Class org.gradle.internal.time.Timer                                                  : loaded 2 times (x 66B)
Class kotlin.jvm.internal.markers.KMappedMarker                                       : loaded 2 times (x 66B)
Class org.gradle.internal.installation.CurrentGradleInstallationLocator               : loaded 2 times (x 67B)
Class org.gradle.internal.service.DefaultServiceLocator                               : loaded 2 times (x 79B)
Class org.gradle.util.GradleVersion                                                   : loaded 2 times (x 79B)
Class org.gradle.internal.installation.CurrentGradleInstallation                      : loaded 2 times (x 69B)
Class org.gradle.util.internal.GUtil                                                  : loaded 2 times (x 67B)
Class org.gradle.internal.installation.GradleInstallation                             : loaded 2 times (x 71B)

---------------  S Y S T E M  ---------------

OS:
 Windows 10 , 64 bit Build 19041 (10.0.19041.5438)
OS uptime: 2 days 0:28 hours
Hyper-V role detected

CPU: total 8 (initial active 8) (4 cores per cpu, 2 threads per core) family 6 model 140 stepping 1 microcode 0xb8, cx8, cmov, fxsr, ht, mmx, 3dnowpref, sse, sse2, sse3, ssse3, sse4.1, sse4.2, popcnt, lzcnt, tsc, tscinvbit, avx, avx2, aes, erms, clmul, bmi1, bmi2, adx, avx512f, avx512dq, avx512cd, avx512bw, avx512vl, sha, fma, vzeroupper, avx512_vpopcntdq, avx512_vpclmulqdq, avx512_vaes, avx512_vnni, clflush, clflushopt, clwb, avx512_vbmi2, avx512_vbmi, hv, rdtscp, rdpid, fsrm, gfni, avx512_bitalg, f16c, cet_ibt, cet_ss, avx512_ifma
Processor Information for all 8 processors :
  Max Mhz: 2419, Current Mhz: 2419, Mhz Limit: 2419

Memory: 4k page, system-wide physical 16064M (722M free)
TotalPageFile size 21064M (AvailPageFile size 18M)
current process WorkingSet (physical memory assigned to process): 332M, peak: 332M
current process commit charge ("private bytes"): 371M, peak: 395M

vm_info: OpenJDK 64-Bit Server VM (21.0.4+-12508038-b607.1) for windows-amd64 JRE (21.0.4+-12508038-b607.1), built on 2024-10-16T17:23:34Z by "builder" with MS VC++ 16.10 / 16.11 (VS2019)

END.
